<?xml version="1.0" encoding="UTF-8"?>
<!-- Generated by org.testng.reporters.JUnitXMLReporter -->
<testsuite hostname="Narasimharaos-MacBook-Pro.local" ignored="0" name="CatalogUPloadtest" tests="8" failures="2" timestamp="26 Feb 2019 11:58:22 GMT" time="20.075" errors="0">
  <testcase name="newCatalogUploadPageHeadTest" time="0.049" classname="com.ibm.commerce.cmc.catalogs.testcases.CatalogUploadTest"/>
  <testcase name="validateSaveButtonExistance" time="0.04" classname="com.ibm.commerce.cmc.catalogs.testcases.CatalogUploadTest"/>
  <testcase name="validateCloseButtonExistance" time="0.249" classname="com.ibm.commerce.cmc.catalogs.testcases.CatalogUploadTest"/>
  <testcase name="validateFileNameFieldTest" time="0.135" classname="com.ibm.commerce.cmc.catalogs.testcases.CatalogUploadTest"/>
  <testcase name="validateSizeFieldTest" time="0.109" classname="com.ibm.commerce.cmc.catalogs.testcases.CatalogUploadTest"/>
  <testcase name="validateCharacterSetFieldTest" time="0.106" classname="com.ibm.commerce.cmc.catalogs.testcases.CatalogUploadTest">
    <failure type="java.lang.AssertionError" message="expected [Character Set] but found [Charecter Set]">
      <![CDATA[java.lang.AssertionError: expected [Character Set] but found [Charecter Set]
at com.ibm.commerce.cmc.catalogs.testcases.CatalogUploadTest.validateCharacterSetFieldTest(CatalogUploadTest.java:78)
... Removed 31 stack frames]]>
    </failure>
  </testcase> <!-- validateCharacterSetFieldTest -->
  <testcase name="validateTargetCatalogFieldTest" time="0.043" classname="com.ibm.commerce.cmc.catalogs.testcases.CatalogUploadTest">
    <failure type="java.lang.AssertionError" message="expected [Target catalog] but found [Target Catalog]">
      <![CDATA[java.lang.AssertionError: expected [Target catalog] but found [Target Catalog]
at com.ibm.commerce.cmc.catalogs.testcases.CatalogUploadTest.validateTargetCatalogFieldTest(CatalogUploadTest.java:84)
... Removed 31 stack frames]]>
    </failure>
  </testcase> <!-- validateTargetCatalogFieldTest -->
  <testcase name="createNewCatalogUpload" time="10.469" classname="com.ibm.commerce.cmc.catalogs.testcases.CatalogUploadTest"/>
</testsuite> <!-- CatalogUPloadtest -->
