<?xml version="1.0" encoding="UTF-8"?>
<!-- Generated by org.testng.reporters.JUnitXMLReporter -->
<testsuite hostname="Narasimharaos-MacBook-Pro.local" ignored="0" name="CreateNewMasterCategory" tests="33" failures="10" timestamp="12 Feb 2019 10:27:39 GMT" time="58.946" errors="0">
  <testcase name="newMasterCategoryPageHeadingTest" time="0.199" classname="com.ibm.commerce.cmc.catalogs.testcases.CreateNewMasterCategoryTest"/>
  <testcase name="validateSaveandPreviewButtonExistance" time="0.082" classname="com.ibm.commerce.cmc.catalogs.testcases.CreateNewMasterCategoryTest"/>
  <testcase name="validateSaveButtonExistance" time="0.035" classname="com.ibm.commerce.cmc.catalogs.testcases.CreateNewMasterCategoryTest"/>
  <testcase name="validateCloseButtonExistance" time="0.036" classname="com.ibm.commerce.cmc.catalogs.testcases.CreateNewMasterCategoryTest"/>
  <testcase name="validateManageCategoryTabExistance" time="0.032" classname="com.ibm.commerce.cmc.catalogs.testcases.CreateNewMasterCategoryTest"/>
  <testcase name="validateSearchEngineOptimizationTabExistance" time="0.034" classname="com.ibm.commerce.cmc.catalogs.testcases.CreateNewMasterCategoryTest"/>
  <testcase name="validateAssociatedAssetsTabExistance" time="0.029" classname="com.ibm.commerce.cmc.catalogs.testcases.CreateNewMasterCategoryTest"/>
  <testcase name="validateContentTabExistance" time="0.028" classname="com.ibm.commerce.cmc.catalogs.testcases.CreateNewMasterCategoryTest"/>
  <testcase name="validateReferencesTabExistance" time="0.029" classname="com.ibm.commerce.cmc.catalogs.testcases.CreateNewMasterCategoryTest"/>
  <testcase name="validateManageCategoryObjectPropertiesAssociatedStoreTest" time="0.25" classname="com.ibm.commerce.cmc.catalogs.testcases.CreateNewMasterCategoryTest"/>
  <testcase name="validateManageCategoryObjectPropertiesAssociatedStoreDisplayedTest" time="0.152" classname="com.ibm.commerce.cmc.catalogs.testcases.CreateNewMasterCategoryTest"/>
  <testcase name="validateManageCategoryGeneralCategoryInformationUniqueIdFieldNameTest" time="0.229" classname="com.ibm.commerce.cmc.catalogs.testcases.CreateNewMasterCategoryTest">
    <failure type="java.lang.AssertionError" message="expected [Unique ID Code] but found [Code]">
      <![CDATA[java.lang.AssertionError: expected [Unique ID Code] but found [Code]
at com.ibm.commerce.cmc.catalogs.testcases.CreateNewMasterCategoryTest.validateManageCategoryGeneralCategoryInformationUniqueIdFieldNameTest(CreateNewMasterCategoryTest.java:147)
... Removed 31 stack frames]]>
    </failure>
  </testcase> <!-- validateManageCategoryGeneralCategoryInformationUniqueIdFieldNameTest -->
  <testcase name="validateManageCategoryGeneralCategoryInformationNameFieldTest" time="0.038" classname="com.ibm.commerce.cmc.catalogs.testcases.CreateNewMasterCategoryTest"/>
  <testcase name="validateManageCategoryGeneralCategoryInformationShortDescriptionFieldTest" time="0.046" classname="com.ibm.commerce.cmc.catalogs.testcases.CreateNewMasterCategoryTest"/>
  <testcase name="validateManageCategoryInputGeneralCategoryInformationTest" time="1.514" classname="com.ibm.commerce.cmc.catalogs.testcases.CreateNewMasterCategoryTest"/>
  <testcase name="validateManageCategoryDisplayAccordionDisplayToCustomerFieldTest" time="0.28" classname="com.ibm.commerce.cmc.catalogs.testcases.CreateNewMasterCategoryTest"/>
  <testcase name="validateManageCategoryDisplayAccordionThumbnailFieldTest" time="0.099" classname="com.ibm.commerce.cmc.catalogs.testcases.CreateNewMasterCategoryTest"/>
  <testcase name="validateManageCategoryDisplayAccordionFullImageFieldTest" time="0.11" classname="com.ibm.commerce.cmc.catalogs.testcases.CreateNewMasterCategoryTest">
    <failure type="java.lang.AssertionError" message="expected [Full image (United State English)] but found [Full image]">
      <![CDATA[java.lang.AssertionError: expected [Full image (United State English)] but found [Full image]
at com.ibm.commerce.cmc.catalogs.testcases.CreateNewMasterCategoryTest.validateManageCategoryDisplayAccordionFullImageFieldTest(CreateNewMasterCategoryTest.java:189)
... Removed 31 stack frames]]>
    </failure>
  </testcase> <!-- validateManageCategoryDisplayAccordionFullImageFieldTest -->
  <testcase name="validateManageCategoryInputDisplayAccordionInformationTest" time="0.785" classname="com.ibm.commerce.cmc.catalogs.testcases.CreateNewMasterCategoryTest"/>
  <testcase name="validateSearchEngineOptimizationURLKeywordFieldTest" time="0.128" classname="com.ibm.commerce.cmc.catalogs.testcases.CreateNewMasterCategoryTest">
    <failure type="java.lang.AssertionError" message="expected [URL keyword (United State English)] but found [URL keyword]">
      <![CDATA[java.lang.AssertionError: expected [URL keyword (United State English)] but found [URL keyword]
at com.ibm.commerce.cmc.catalogs.testcases.CreateNewMasterCategoryTest.validateSearchEngineOptimizationURLKeywordFieldTest(CreateNewMasterCategoryTest.java:202)
... Removed 31 stack frames]]>
    </failure>
  </testcase> <!-- validateSearchEngineOptimizationURLKeywordFieldTest -->
  <testcase name="validateSearchEngineOptimizationPageTitleFieldTest" time="0.038" classname="com.ibm.commerce.cmc.catalogs.testcases.CreateNewMasterCategoryTest"/>
  <testcase name="validateSearchEngineOptimizationPageTitleUseDefaultRadioTest" time="0.035" classname="com.ibm.commerce.cmc.catalogs.testcases.CreateNewMasterCategoryTest">
    <failure type="java.lang.AssertionError" message="expected [true] but found [false]">
      <![CDATA[java.lang.AssertionError: expected [true] but found [false]
at com.ibm.commerce.cmc.catalogs.testcases.CreateNewMasterCategoryTest.validateSearchEngineOptimizationPageTitleUseDefaultRadioTest(CreateNewMasterCategoryTest.java:215)
... Removed 29 stack frames]]>
    </failure>
  </testcase> <!-- validateSearchEngineOptimizationPageTitleUseDefaultRadioTest -->
  <testcase name="validateSearchEngineOptimizationPageTitleOverrideDefaultRadioTest" time="0.047" classname="com.ibm.commerce.cmc.catalogs.testcases.CreateNewMasterCategoryTest"/>
  <testcase name="validateSearchEngineOptimizationPageTitleOverrideDefaultRadioAutoSelectTest" time="0.122" classname="com.ibm.commerce.cmc.catalogs.testcases.CreateNewMasterCategoryTest">
    <failure type="java.lang.AssertionError" message="expected [true] but found [false]">
      <![CDATA[java.lang.AssertionError: expected [true] but found [false]
at com.ibm.commerce.cmc.catalogs.testcases.CreateNewMasterCategoryTest.validateSearchEngineOptimizationPageTitleOverrideDefaultRadioAutoSelectTest(CreateNewMasterCategoryTest.java:226)
... Removed 29 stack frames]]>
    </failure>
  </testcase> <!-- validateSearchEngineOptimizationPageTitleOverrideDefaultRadioAutoSelectTest -->
  <testcase name="validateSearchEngineOptimizationMetaDescriptionFieldTest" time="0.038" classname="com.ibm.commerce.cmc.catalogs.testcases.CreateNewMasterCategoryTest"/>
  <testcase name="validateSearchEngineOptimizationMetaDescriptionUseDefaultRadioTest" time="0.038" classname="com.ibm.commerce.cmc.catalogs.testcases.CreateNewMasterCategoryTest">
    <failure type="java.lang.AssertionError" message="expected [true] but found [false]">
      <![CDATA[java.lang.AssertionError: expected [true] but found [false]
at com.ibm.commerce.cmc.catalogs.testcases.CreateNewMasterCategoryTest.validateSearchEngineOptimizationMetaDescriptionUseDefaultRadioTest(CreateNewMasterCategoryTest.java:237)
... Removed 29 stack frames]]>
    </failure>
  </testcase> <!-- validateSearchEngineOptimizationMetaDescriptionUseDefaultRadioTest -->
  <testcase name="validateSearchEngineOptimizationMetaDescriptionOverrideDefaultRadioTest" time="0.038" classname="com.ibm.commerce.cmc.catalogs.testcases.CreateNewMasterCategoryTest"/>
  <testcase name="validateSearchEngineOptimizationMetaDescriptionOverrideDefaultRadioAutoSelectTest" time="0.157" classname="com.ibm.commerce.cmc.catalogs.testcases.CreateNewMasterCategoryTest">
    <failure type="java.lang.AssertionError" message="expected [true] but found [false]">
      <![CDATA[java.lang.AssertionError: expected [true] but found [false]
at com.ibm.commerce.cmc.catalogs.testcases.CreateNewMasterCategoryTest.validateSearchEngineOptimizationMetaDescriptionOverrideDefaultRadioAutoSelectTest(CreateNewMasterCategoryTest.java:248)
... Removed 29 stack frames]]>
    </failure>
  </testcase> <!-- validateSearchEngineOptimizationMetaDescriptionOverrideDefaultRadioAutoSelectTest -->
  <testcase name="validateSearchEngineOptimizationImageAltFieldTest" time="0.037" classname="com.ibm.commerce.cmc.catalogs.testcases.CreateNewMasterCategoryTest"/>
  <testcase name="validateSearchEngineOptimizationImageAltTextUseDefaultRadioTest" time="0.032" classname="com.ibm.commerce.cmc.catalogs.testcases.CreateNewMasterCategoryTest">
    <failure type="java.lang.AssertionError" message="expected [true] but found [false]">
      <![CDATA[java.lang.AssertionError: expected [true] but found [false]
at com.ibm.commerce.cmc.catalogs.testcases.CreateNewMasterCategoryTest.validateSearchEngineOptimizationImageAltTextUseDefaultRadioTest(CreateNewMasterCategoryTest.java:260)
... Removed 29 stack frames]]>
    </failure>
  </testcase> <!-- validateSearchEngineOptimizationImageAltTextUseDefaultRadioTest -->
  <testcase name="validateSearchEngineOptimizationImageAltTextOverrideDefaultRadioTest" time="20.031" classname="com.ibm.commerce.cmc.catalogs.testcases.CreateNewMasterCategoryTest">
    <failure type="org.openqa.selenium.NoSuchElementException" message="no such element: Unable to locate element: {&amp;quot;method&amp;quot;:&amp;quot;xpath&amp;quot;,&amp;quot;selector&amp;quot;:&amp;quot;//*[@id=&amp;apos;n-tab-1&amp;apos;]//ibm-radio//input[@id=&amp;apos;radio-5&amp;apos;]//following-sibling::label/span&amp;quot;}
  (Session info: chrome=71.0.3578.98)
  (Driver info: chromedriver=2.45.615355 (d5698f682d8b2742017df6c81e0bd8e6a3063189),platform=Mac OS X 10.13.6 x86_64) (WARNING: The server did not provide any stacktrace information)
Command duration or timeout: 0 milliseconds
For documentation on this error, please visit: http://seleniumhq.org/exceptions/no_such_element.html
Build info: version: &amp;apos;3.14.0&amp;apos;, revision: &amp;apos;aacccce0&amp;apos;, time: &amp;apos;2018-08-02T20:19:58.91Z&amp;apos;
System info: host: &amp;apos;Narasimharaos-MacBook-Pro.local&amp;apos;, ip: &amp;apos;fe80:0:0:0:1043:a0c7:f196:9c06%en0&amp;apos;, os.name: &amp;apos;Mac OS X&amp;apos;, os.arch: &amp;apos;x86_64&amp;apos;, os.version: &amp;apos;10.13.6&amp;apos;, java.version: &amp;apos;1.8.0_191&amp;apos;
Driver info: org.openqa.selenium.chrome.ChromeDriver
Capabilities {acceptInsecureCerts: false, acceptSslCerts: false, applicationCacheEnabled: false, browserConnectionEnabled: false, browserName: chrome, chrome: {chromedriverVersion: 2.45.615355 (d5698f682d8b27..., userDataDir: /var/folders/p4/bzwnsv1x7nb...}, cssSelectorsEnabled: true, databaseEnabled: false, goog:chromeOptions: {debuggerAddress: localhost:55386}, handlesAlerts: true, hasTouchScreen: false, javascriptEnabled: true, locationContextEnabled: true, mobileEmulationEnabled: false, nativeEvents: true, networkConnectionEnabled: false, pageLoadStrategy: normal, platform: MAC, platformName: MAC, proxy: Proxy(), rotatable: false, setWindowRect: true, strictFileInteractability: false, takesHeapSnapshot: true, takesScreenshot: true, timeouts: {implicit: 0, pageLoad: 300000, script: 30000}, unexpectedAlertBehaviour: ignore, unhandledPromptBehavior: ignore, version: 71.0.3578.98, webStorageEnabled: true}
Session ID: ed5b7dd13a793b9816c8e5c00cd2221b
*** Element info: {Using=xpath, value=//*[@id=&amp;apos;n-tab-1&amp;apos;]//ibm-radio//input[@id=&amp;apos;radio-5&amp;apos;]//following-sibling::label/span}">
      <![CDATA[org.openqa.selenium.NoSuchElementException: no such element: Unable to locate element: {"method":"xpath","selector":"//*[@id='n-tab-1']//ibm-radio//input[@id='radio-5']//following-sibling::label/span"}
  (Session info: chrome=71.0.3578.98)
  (Driver info: chromedriver=2.45.615355 (d5698f682d8b2742017df6c81e0bd8e6a3063189),platform=Mac OS X 10.13.6 x86_64) (WARNING: The server did not provide any stacktrace information)
Command duration or timeout: 0 milliseconds
For documentation on this error, please visit: http://seleniumhq.org/exceptions/no_such_element.html
Build info: version: '3.14.0', revision: 'aacccce0', time: '2018-08-02T20:19:58.91Z'
System info: host: 'Narasimharaos-MacBook-Pro.local', ip: 'fe80:0:0:0:1043:a0c7:f196:9c06%en0', os.name: 'Mac OS X', os.arch: 'x86_64', os.version: '10.13.6', java.version: '1.8.0_191'
Driver info: org.openqa.selenium.chrome.ChromeDriver
Capabilities {acceptInsecureCerts: false, acceptSslCerts: false, applicationCacheEnabled: false, browserConnectionEnabled: false, browserName: chrome, chrome: {chromedriverVersion: 2.45.615355 (d5698f682d8b27..., userDataDir: /var/folders/p4/bzwnsv1x7nb...}, cssSelectorsEnabled: true, databaseEnabled: false, goog:chromeOptions: {debuggerAddress: localhost:55386}, handlesAlerts: true, hasTouchScreen: false, javascriptEnabled: true, locationContextEnabled: true, mobileEmulationEnabled: false, nativeEvents: true, networkConnectionEnabled: false, pageLoadStrategy: normal, platform: MAC, platformName: MAC, proxy: Proxy(), rotatable: false, setWindowRect: true, strictFileInteractability: false, takesHeapSnapshot: true, takesScreenshot: true, timeouts: {implicit: 0, pageLoad: 300000, script: 30000}, unexpectedAlertBehaviour: ignore, unhandledPromptBehavior: ignore, version: 71.0.3578.98, webStorageEnabled: true}
Session ID: ed5b7dd13a793b9816c8e5c00cd2221b
*** Element info: {Using=xpath, value=//*[@id='n-tab-1']//ibm-radio//input[@id='radio-5']//following-sibling::label/span}
at org.openqa.selenium.remote.ErrorHandler.createThrowable(ErrorHandler.java:214)
at org.openqa.selenium.remote.ErrorHandler.throwIfResponseFailed(ErrorHandler.java:166)
at org.openqa.selenium.remote.http.JsonHttpResponseCodec.reconstructValue(JsonHttpResponseCodec.java:40)
at org.openqa.selenium.remote.http.AbstractHttpResponseCodec.decode(AbstractHttpResponseCodec.java:80)
at org.openqa.selenium.remote.http.AbstractHttpResponseCodec.decode(AbstractHttpResponseCodec.java:44)
at org.openqa.selenium.remote.HttpCommandExecutor.execute(HttpCommandExecutor.java:158)
at org.openqa.selenium.remote.service.DriverCommandExecutor.execute(DriverCommandExecutor.java:83)
at org.openqa.selenium.remote.RemoteWebDriver.execute(RemoteWebDriver.java:548)
at org.openqa.selenium.remote.RemoteWebDriver.findElement(RemoteWebDriver.java:322)
at org.openqa.selenium.remote.RemoteWebDriver.findElementByXPath(RemoteWebDriver.java:424)
at org.openqa.selenium.By$ByXPath.findElement(By.java:353)
at org.openqa.selenium.remote.RemoteWebDriver.findElement(RemoteWebDriver.java:314)
at org.openqa.selenium.support.pagefactory.DefaultElementLocator.findElement(DefaultElementLocator.java:69)
at org.openqa.selenium.support.pagefactory.internal.LocatingElementHandler.invoke(LocatingElementHandler.java:38)
at com.sun.proxy.$Proxy26.isSelected(Unknown Source)
at com.ibm.commerce.cmc.ui.utils.TestUtil.isElementSelected(TestUtil.java:20)
at com.ibm.commerce.cmc.ui.catalogs.pages.NewMasterCategoryPage.isImageAltTextOverrideDefaultRadioSelected(NewMasterCategoryPage.java:526)
at com.ibm.commerce.cmc.catalogs.testcases.CreateNewMasterCategoryTest.validateSearchEngineOptimizationImageAltTextOverrideDefaultRadioTest(CreateNewMasterCategoryTest.java:265)
... Removed 29 stack frames]]>
    </failure>
  </testcase> <!-- validateSearchEngineOptimizationImageAltTextOverrideDefaultRadioTest -->
  <testcase name="validateSearchEngineOptimizationImageAltTextOverrideDefaultRadioAutoSelectTest" time="20.112" classname="com.ibm.commerce.cmc.catalogs.testcases.CreateNewMasterCategoryTest">
    <failure type="org.openqa.selenium.NoSuchElementException" message="no such element: Unable to locate element: {&amp;quot;method&amp;quot;:&amp;quot;xpath&amp;quot;,&amp;quot;selector&amp;quot;:&amp;quot;//*[@id=&amp;apos;n-tab-1&amp;apos;]//ibm-radio//input[@id=&amp;apos;radio-5&amp;apos;]//following-sibling::label/span&amp;quot;}
  (Session info: chrome=71.0.3578.98)
  (Driver info: chromedriver=2.45.615355 (d5698f682d8b2742017df6c81e0bd8e6a3063189),platform=Mac OS X 10.13.6 x86_64) (WARNING: The server did not provide any stacktrace information)
Command duration or timeout: 0 milliseconds
For documentation on this error, please visit: http://seleniumhq.org/exceptions/no_such_element.html
Build info: version: &amp;apos;3.14.0&amp;apos;, revision: &amp;apos;aacccce0&amp;apos;, time: &amp;apos;2018-08-02T20:19:58.91Z&amp;apos;
System info: host: &amp;apos;Narasimharaos-MacBook-Pro.local&amp;apos;, ip: &amp;apos;fe80:0:0:0:1043:a0c7:f196:9c06%en0&amp;apos;, os.name: &amp;apos;Mac OS X&amp;apos;, os.arch: &amp;apos;x86_64&amp;apos;, os.version: &amp;apos;10.13.6&amp;apos;, java.version: &amp;apos;1.8.0_191&amp;apos;
Driver info: org.openqa.selenium.chrome.ChromeDriver
Capabilities {acceptInsecureCerts: false, acceptSslCerts: false, applicationCacheEnabled: false, browserConnectionEnabled: false, browserName: chrome, chrome: {chromedriverVersion: 2.45.615355 (d5698f682d8b27..., userDataDir: /var/folders/p4/bzwnsv1x7nb...}, cssSelectorsEnabled: true, databaseEnabled: false, goog:chromeOptions: {debuggerAddress: localhost:55386}, handlesAlerts: true, hasTouchScreen: false, javascriptEnabled: true, locationContextEnabled: true, mobileEmulationEnabled: false, nativeEvents: true, networkConnectionEnabled: false, pageLoadStrategy: normal, platform: MAC, platformName: MAC, proxy: Proxy(), rotatable: false, setWindowRect: true, strictFileInteractability: false, takesHeapSnapshot: true, takesScreenshot: true, timeouts: {implicit: 0, pageLoad: 300000, script: 30000}, unexpectedAlertBehaviour: ignore, unhandledPromptBehavior: ignore, version: 71.0.3578.98, webStorageEnabled: true}
Session ID: ed5b7dd13a793b9816c8e5c00cd2221b
*** Element info: {Using=xpath, value=//*[@id=&amp;apos;n-tab-1&amp;apos;]//ibm-radio//input[@id=&amp;apos;radio-5&amp;apos;]//following-sibling::label/span}">
      <![CDATA[org.openqa.selenium.NoSuchElementException: no such element: Unable to locate element: {"method":"xpath","selector":"//*[@id='n-tab-1']//ibm-radio//input[@id='radio-5']//following-sibling::label/span"}
  (Session info: chrome=71.0.3578.98)
  (Driver info: chromedriver=2.45.615355 (d5698f682d8b2742017df6c81e0bd8e6a3063189),platform=Mac OS X 10.13.6 x86_64) (WARNING: The server did not provide any stacktrace information)
Command duration or timeout: 0 milliseconds
For documentation on this error, please visit: http://seleniumhq.org/exceptions/no_such_element.html
Build info: version: '3.14.0', revision: 'aacccce0', time: '2018-08-02T20:19:58.91Z'
System info: host: 'Narasimharaos-MacBook-Pro.local', ip: 'fe80:0:0:0:1043:a0c7:f196:9c06%en0', os.name: 'Mac OS X', os.arch: 'x86_64', os.version: '10.13.6', java.version: '1.8.0_191'
Driver info: org.openqa.selenium.chrome.ChromeDriver
Capabilities {acceptInsecureCerts: false, acceptSslCerts: false, applicationCacheEnabled: false, browserConnectionEnabled: false, browserName: chrome, chrome: {chromedriverVersion: 2.45.615355 (d5698f682d8b27..., userDataDir: /var/folders/p4/bzwnsv1x7nb...}, cssSelectorsEnabled: true, databaseEnabled: false, goog:chromeOptions: {debuggerAddress: localhost:55386}, handlesAlerts: true, hasTouchScreen: false, javascriptEnabled: true, locationContextEnabled: true, mobileEmulationEnabled: false, nativeEvents: true, networkConnectionEnabled: false, pageLoadStrategy: normal, platform: MAC, platformName: MAC, proxy: Proxy(), rotatable: false, setWindowRect: true, strictFileInteractability: false, takesHeapSnapshot: true, takesScreenshot: true, timeouts: {implicit: 0, pageLoad: 300000, script: 30000}, unexpectedAlertBehaviour: ignore, unhandledPromptBehavior: ignore, version: 71.0.3578.98, webStorageEnabled: true}
Session ID: ed5b7dd13a793b9816c8e5c00cd2221b
*** Element info: {Using=xpath, value=//*[@id='n-tab-1']//ibm-radio//input[@id='radio-5']//following-sibling::label/span}
at org.openqa.selenium.remote.ErrorHandler.createThrowable(ErrorHandler.java:214)
at org.openqa.selenium.remote.ErrorHandler.throwIfResponseFailed(ErrorHandler.java:166)
at org.openqa.selenium.remote.http.JsonHttpResponseCodec.reconstructValue(JsonHttpResponseCodec.java:40)
at org.openqa.selenium.remote.http.AbstractHttpResponseCodec.decode(AbstractHttpResponseCodec.java:80)
at org.openqa.selenium.remote.http.AbstractHttpResponseCodec.decode(AbstractHttpResponseCodec.java:44)
at org.openqa.selenium.remote.HttpCommandExecutor.execute(HttpCommandExecutor.java:158)
at org.openqa.selenium.remote.service.DriverCommandExecutor.execute(DriverCommandExecutor.java:83)
at org.openqa.selenium.remote.RemoteWebDriver.execute(RemoteWebDriver.java:548)
at org.openqa.selenium.remote.RemoteWebDriver.findElement(RemoteWebDriver.java:322)
at org.openqa.selenium.remote.RemoteWebDriver.findElementByXPath(RemoteWebDriver.java:424)
at org.openqa.selenium.By$ByXPath.findElement(By.java:353)
at org.openqa.selenium.remote.RemoteWebDriver.findElement(RemoteWebDriver.java:314)
at org.openqa.selenium.support.pagefactory.DefaultElementLocator.findElement(DefaultElementLocator.java:69)
at org.openqa.selenium.support.pagefactory.internal.LocatingElementHandler.invoke(LocatingElementHandler.java:38)
at com.sun.proxy.$Proxy26.isSelected(Unknown Source)
at com.ibm.commerce.cmc.ui.utils.TestUtil.isElementSelected(TestUtil.java:20)
at com.ibm.commerce.cmc.ui.catalogs.pages.NewMasterCategoryPage.isImageAltTextOverrideDefaultRadioSelected(NewMasterCategoryPage.java:526)
at com.ibm.commerce.cmc.catalogs.testcases.CreateNewMasterCategoryTest.validateSearchEngineOptimizationImageAltTextOverrideDefaultRadioAutoSelectTest(CreateNewMasterCategoryTest.java:272)
... Removed 29 stack frames]]>
    </failure>
  </testcase> <!-- validateSearchEngineOptimizationImageAltTextOverrideDefaultRadioAutoSelectTest -->
  <testcase name="validateSearchEngineOptimizationInputDetailsTest" time="1.232" classname="com.ibm.commerce.cmc.catalogs.testcases.CreateNewMasterCategoryTest"/>
</testsuite> <!-- CreateNewMasterCategory -->
