<?xml version="1.0" encoding="UTF-8"?>
<testng-results skipped="0" failed="15" ignored="2" total="60" passed="43">
  <reporter-output>
  </reporter-output>
  <suite name="Suite" duration-ms="178631" started-at="2019-02-26T11:55:32Z" finished-at="2019-02-26T11:58:31Z">
    <groups>
    </groups>
    <test name="CatalogsHomePage" duration-ms="32265" started-at="2019-02-26T11:55:32Z" finished-at="2019-02-26T11:56:04Z">
      <class name="com.ibm.commerce.cmc.catalogs.testcases.CatalogsHomePageTest">
        <test-method status="PASS" signature="setUp()[pri:0, instance:com.ibm.commerce.cmc.catalogs.testcases.CatalogsHomePageTest@35e2d654]" name="setUp" is-config="true" duration-ms="10202" started-at="2019-02-26T11:55:32Z" finished-at="2019-02-26T11:55:42Z">
          <reporter-output>
          </reporter-output>
        </test-method> <!-- setUp -->
        <test-method status="FAIL" signature="catalogHomePageHeadingTest()[pri:2, instance:com.ibm.commerce.cmc.catalogs.testcases.CatalogsHomePageTest@35e2d654]" name="catalogHomePageHeadingTest" duration-ms="20142" started-at="2019-02-26T11:55:42Z" finished-at="2019-02-26T11:56:03Z">
          <exception class="org.openqa.selenium.NoSuchElementException">
            <message>
              <![CDATA[no such element: Unable to locate element: {"method":"xpath","selector":"//*[@class='catlogMargin']//strong"}
  (Session info: chrome=72.0.3626.119)
  (Driver info: chromedriver=2.45.615355 (d5698f682d8b2742017df6c81e0bd8e6a3063189),platform=Mac OS X 10.13.6 x86_64) (WARNING: The server did not provide any stacktrace information)
Command duration or timeout: 0 milliseconds
For documentation on this error, please visit: http://seleniumhq.org/exceptions/no_such_element.html
Build info: version: '3.14.0', revision: 'aacccce0', time: '2018-08-02T20:19:58.91Z'
System info: host: 'Narasimharaos-MacBook-Pro.local', ip: 'fe80:0:0:0:10d4:48dd:f5f1:8706%en0', os.name: 'Mac OS X', os.arch: 'x86_64', os.version: '10.13.6', java.version: '1.8.0_191'
Driver info: org.openqa.selenium.chrome.ChromeDriver
Capabilities {acceptInsecureCerts: false, acceptSslCerts: false, applicationCacheEnabled: false, browserConnectionEnabled: false, browserName: chrome, chrome: {chromedriverVersion: 2.45.615355 (d5698f682d8b27..., userDataDir: /var/folders/p4/bzwnsv1x7nb...}, cssSelectorsEnabled: true, databaseEnabled: false, goog:chromeOptions: {debuggerAddress: localhost:60625}, handlesAlerts: true, hasTouchScreen: false, javascriptEnabled: true, locationContextEnabled: true, mobileEmulationEnabled: false, nativeEvents: true, networkConnectionEnabled: false, pageLoadStrategy: normal, platform: MAC, platformName: MAC, proxy: Proxy(), rotatable: false, setWindowRect: true, strictFileInteractability: false, takesHeapSnapshot: true, takesScreenshot: true, timeouts: {implicit: 0, pageLoad: 300000, script: 30000}, unexpectedAlertBehaviour: ignore, unhandledPromptBehavior: ignore, version: 72.0.3626.119, webStorageEnabled: true}
Session ID: d1f800dca56c7500a7eaf26d4b174282
*** Element info: {Using=xpath, value=//*[@class='catlogMargin']//strong}]]>
            </message>
            <full-stacktrace>
              <![CDATA[org.openqa.selenium.NoSuchElementException: no such element: Unable to locate element: {"method":"xpath","selector":"//*[@class='catlogMargin']//strong"}
  (Session info: chrome=72.0.3626.119)
  (Driver info: chromedriver=2.45.615355 (d5698f682d8b2742017df6c81e0bd8e6a3063189),platform=Mac OS X 10.13.6 x86_64) (WARNING: The server did not provide any stacktrace information)
Command duration or timeout: 0 milliseconds
For documentation on this error, please visit: http://seleniumhq.org/exceptions/no_such_element.html
Build info: version: '3.14.0', revision: 'aacccce0', time: '2018-08-02T20:19:58.91Z'
System info: host: 'Narasimharaos-MacBook-Pro.local', ip: 'fe80:0:0:0:10d4:48dd:f5f1:8706%en0', os.name: 'Mac OS X', os.arch: 'x86_64', os.version: '10.13.6', java.version: '1.8.0_191'
Driver info: org.openqa.selenium.chrome.ChromeDriver
Capabilities {acceptInsecureCerts: false, acceptSslCerts: false, applicationCacheEnabled: false, browserConnectionEnabled: false, browserName: chrome, chrome: {chromedriverVersion: 2.45.615355 (d5698f682d8b27..., userDataDir: /var/folders/p4/bzwnsv1x7nb...}, cssSelectorsEnabled: true, databaseEnabled: false, goog:chromeOptions: {debuggerAddress: localhost:60625}, handlesAlerts: true, hasTouchScreen: false, javascriptEnabled: true, locationContextEnabled: true, mobileEmulationEnabled: false, nativeEvents: true, networkConnectionEnabled: false, pageLoadStrategy: normal, platform: MAC, platformName: MAC, proxy: Proxy(), rotatable: false, setWindowRect: true, strictFileInteractability: false, takesHeapSnapshot: true, takesScreenshot: true, timeouts: {implicit: 0, pageLoad: 300000, script: 30000}, unexpectedAlertBehaviour: ignore, unhandledPromptBehavior: ignore, version: 72.0.3626.119, webStorageEnabled: true}
Session ID: d1f800dca56c7500a7eaf26d4b174282
*** Element info: {Using=xpath, value=//*[@class='catlogMargin']//strong}
at sun.reflect.NativeConstructorAccessorImpl.newInstance0(Native Method)
at sun.reflect.NativeConstructorAccessorImpl.newInstance(NativeConstructorAccessorImpl.java:62)
at sun.reflect.DelegatingConstructorAccessorImpl.newInstance(DelegatingConstructorAccessorImpl.java:45)
at java.lang.reflect.Constructor.newInstance(Constructor.java:423)
at org.openqa.selenium.remote.ErrorHandler.createThrowable(ErrorHandler.java:214)
at org.openqa.selenium.remote.ErrorHandler.throwIfResponseFailed(ErrorHandler.java:166)
at org.openqa.selenium.remote.http.JsonHttpResponseCodec.reconstructValue(JsonHttpResponseCodec.java:40)
at org.openqa.selenium.remote.http.AbstractHttpResponseCodec.decode(AbstractHttpResponseCodec.java:80)
at org.openqa.selenium.remote.http.AbstractHttpResponseCodec.decode(AbstractHttpResponseCodec.java:44)
at org.openqa.selenium.remote.HttpCommandExecutor.execute(HttpCommandExecutor.java:158)
at org.openqa.selenium.remote.service.DriverCommandExecutor.execute(DriverCommandExecutor.java:83)
at org.openqa.selenium.remote.RemoteWebDriver.execute(RemoteWebDriver.java:548)
at org.openqa.selenium.remote.RemoteWebDriver.findElement(RemoteWebDriver.java:322)
at org.openqa.selenium.remote.RemoteWebDriver.findElementByXPath(RemoteWebDriver.java:424)
at org.openqa.selenium.By$ByXPath.findElement(By.java:353)
at org.openqa.selenium.remote.RemoteWebDriver.findElement(RemoteWebDriver.java:314)
at org.openqa.selenium.support.pagefactory.DefaultElementLocator.findElement(DefaultElementLocator.java:69)
at org.openqa.selenium.support.pagefactory.internal.LocatingElementHandler.invoke(LocatingElementHandler.java:38)
at com.sun.proxy.$Proxy26.getText(Unknown Source)
at com.ibm.commerce.cmc.ui.catalogs.pages.CatalogsHomePage.getPageHeading(CatalogsHomePage.java:70)
at com.ibm.commerce.cmc.catalogs.testcases.CatalogsHomePageTest.catalogHomePageHeadingTest(CatalogsHomePageTest.java:57)
at sun.reflect.NativeMethodAccessorImpl.invoke0(Native Method)
at sun.reflect.NativeMethodAccessorImpl.invoke(NativeMethodAccessorImpl.java:62)
at sun.reflect.DelegatingMethodAccessorImpl.invoke(DelegatingMethodAccessorImpl.java:43)
at java.lang.reflect.Method.invoke(Method.java:498)
at org.testng.internal.MethodInvocationHelper.invokeMethod(MethodInvocationHelper.java:124)
at org.testng.internal.Invoker.invokeMethod(Invoker.java:583)
at org.testng.internal.Invoker.invokeTestMethod(Invoker.java:719)
at org.testng.internal.Invoker.invokeTestMethods(Invoker.java:989)
at org.testng.internal.TestMethodWorker.invokeTestMethods(TestMethodWorker.java:125)
at org.testng.internal.TestMethodWorker.run(TestMethodWorker.java:109)
at org.testng.TestRunner.privateRun(TestRunner.java:648)
at org.testng.TestRunner.run(TestRunner.java:505)
at org.testng.SuiteRunner.runTest(SuiteRunner.java:455)
at org.testng.SuiteRunner.runSequentially(SuiteRunner.java:450)
at org.testng.SuiteRunner.privateRun(SuiteRunner.java:415)
at org.testng.SuiteRunner.run(SuiteRunner.java:364)
at org.testng.SuiteRunnerWorker.runSuite(SuiteRunnerWorker.java:52)
at org.testng.SuiteRunnerWorker.run(SuiteRunnerWorker.java:84)
at org.testng.TestNG.runSuitesSequentially(TestNG.java:1208)
at org.testng.TestNG.runSuitesLocally(TestNG.java:1137)
at org.testng.TestNG.runSuites(TestNG.java:1049)
at org.testng.TestNG.run(TestNG.java:1017)
at org.testng.remote.AbstractRemoteTestNG.run(AbstractRemoteTestNG.java:114)
at org.testng.remote.RemoteTestNG.initAndRun(RemoteTestNG.java:251)
at org.testng.remote.RemoteTestNG.main(RemoteTestNG.java:77)
]]>
            </full-stacktrace>
          </exception> <!-- org.openqa.selenium.NoSuchElementException -->
          <reporter-output>
          </reporter-output>
        </test-method> <!-- catalogHomePageHeadingTest -->
        <test-method status="PASS" signature="searchForCategoryOnCatalogsHomePage()[pri:4, instance:com.ibm.commerce.cmc.catalogs.testcases.CatalogsHomePageTest@35e2d654]" name="searchForCategoryOnCatalogsHomePage" duration-ms="757" started-at="2019-02-26T11:56:03Z" finished-at="2019-02-26T11:56:04Z">
          <reporter-output>
          </reporter-output>
        </test-method> <!-- searchForCategoryOnCatalogsHomePage -->
        <test-method status="PASS" signature="navigatetoNewMasterCategoryPageTest()[pri:5, instance:com.ibm.commerce.cmc.catalogs.testcases.CatalogsHomePageTest@35e2d654]" name="navigatetoNewMasterCategoryPageTest" duration-ms="402" started-at="2019-02-26T11:56:04Z" finished-at="2019-02-26T11:56:04Z">
          <reporter-output>
          </reporter-output>
        </test-method> <!-- navigatetoNewMasterCategoryPageTest -->
        <test-method status="PASS" signature="tearDown()[pri:0, instance:com.ibm.commerce.cmc.catalogs.testcases.CatalogsHomePageTest@35e2d654]" name="tearDown" is-config="true" duration-ms="225" started-at="2019-02-26T11:56:04Z" finished-at="2019-02-26T11:56:04Z">
          <reporter-output>
          </reporter-output>
        </test-method> <!-- tearDown -->
      </class> <!-- com.ibm.commerce.cmc.catalogs.testcases.CatalogsHomePageTest -->
    </test> <!-- CatalogsHomePage -->
    <test name="CreateNewMasterCategory" duration-ms="80371" started-at="2019-02-26T11:56:04Z" finished-at="2019-02-26T11:57:25Z">
      <class name="com.ibm.commerce.cmc.catalogs.testcases.CreateNewMasterCategoryTest">
        <test-method status="PASS" signature="setUp()[pri:0, instance:com.ibm.commerce.cmc.catalogs.testcases.CreateNewMasterCategoryTest@4c583ecf]" name="setUp" is-config="true" duration-ms="8019" started-at="2019-02-26T11:56:04Z" finished-at="2019-02-26T11:56:12Z">
          <reporter-output>
          </reporter-output>
        </test-method> <!-- setUp -->
        <test-method status="PASS" signature="newMasterCategoryPageHeadingTest()[pri:1, instance:com.ibm.commerce.cmc.catalogs.testcases.CreateNewMasterCategoryTest@4c583ecf]" name="newMasterCategoryPageHeadingTest" duration-ms="71" started-at="2019-02-26T11:56:12Z" finished-at="2019-02-26T11:56:13Z">
          <reporter-output>
          </reporter-output>
        </test-method> <!-- newMasterCategoryPageHeadingTest -->
        <test-method status="PASS" signature="validateSaveandPreviewButtonExistance()[pri:2, instance:com.ibm.commerce.cmc.catalogs.testcases.CreateNewMasterCategoryTest@4c583ecf]" name="validateSaveandPreviewButtonExistance" duration-ms="52" started-at="2019-02-26T11:56:13Z" finished-at="2019-02-26T11:56:13Z">
          <reporter-output>
          </reporter-output>
        </test-method> <!-- validateSaveandPreviewButtonExistance -->
        <test-method status="PASS" signature="validateSaveButtonExistance()[pri:3, instance:com.ibm.commerce.cmc.catalogs.testcases.CreateNewMasterCategoryTest@4c583ecf]" name="validateSaveButtonExistance" duration-ms="28" started-at="2019-02-26T11:56:13Z" finished-at="2019-02-26T11:56:13Z">
          <reporter-output>
          </reporter-output>
        </test-method> <!-- validateSaveButtonExistance -->
        <test-method status="PASS" signature="validateCloseButtonExistance()[pri:4, instance:com.ibm.commerce.cmc.catalogs.testcases.CreateNewMasterCategoryTest@4c583ecf]" name="validateCloseButtonExistance" duration-ms="30" started-at="2019-02-26T11:56:13Z" finished-at="2019-02-26T11:56:13Z">
          <reporter-output>
          </reporter-output>
        </test-method> <!-- validateCloseButtonExistance -->
        <test-method status="PASS" signature="validateManageCategoryTabExistance()[pri:5, instance:com.ibm.commerce.cmc.catalogs.testcases.CreateNewMasterCategoryTest@4c583ecf]" name="validateManageCategoryTabExistance" duration-ms="32" started-at="2019-02-26T11:56:13Z" finished-at="2019-02-26T11:56:13Z">
          <reporter-output>
          </reporter-output>
        </test-method> <!-- validateManageCategoryTabExistance -->
        <test-method status="PASS" signature="validateSearchEngineOptimizationTabExistance()[pri:6, instance:com.ibm.commerce.cmc.catalogs.testcases.CreateNewMasterCategoryTest@4c583ecf]" name="validateSearchEngineOptimizationTabExistance" duration-ms="31" started-at="2019-02-26T11:56:13Z" finished-at="2019-02-26T11:56:13Z">
          <reporter-output>
          </reporter-output>
        </test-method> <!-- validateSearchEngineOptimizationTabExistance -->
        <test-method status="PASS" signature="validateAssociatedAssetsTabExistance()[pri:7, instance:com.ibm.commerce.cmc.catalogs.testcases.CreateNewMasterCategoryTest@4c583ecf]" name="validateAssociatedAssetsTabExistance" duration-ms="27" started-at="2019-02-26T11:56:13Z" finished-at="2019-02-26T11:56:13Z">
          <reporter-output>
          </reporter-output>
        </test-method> <!-- validateAssociatedAssetsTabExistance -->
        <test-method status="PASS" signature="validateContentTabExistance()[pri:8, instance:com.ibm.commerce.cmc.catalogs.testcases.CreateNewMasterCategoryTest@4c583ecf]" name="validateContentTabExistance" duration-ms="30" started-at="2019-02-26T11:56:13Z" finished-at="2019-02-26T11:56:13Z">
          <reporter-output>
          </reporter-output>
        </test-method> <!-- validateContentTabExistance -->
        <test-method status="PASS" signature="validateReferencesTabExistance()[pri:9, instance:com.ibm.commerce.cmc.catalogs.testcases.CreateNewMasterCategoryTest@4c583ecf]" name="validateReferencesTabExistance" duration-ms="31" started-at="2019-02-26T11:56:13Z" finished-at="2019-02-26T11:56:13Z">
          <reporter-output>
          </reporter-output>
        </test-method> <!-- validateReferencesTabExistance -->
        <test-method status="PASS" signature="validateManageCategoryObjectPropertiesAssociatedStoreTest()[pri:10, instance:com.ibm.commerce.cmc.catalogs.testcases.CreateNewMasterCategoryTest@4c583ecf]" name="validateManageCategoryObjectPropertiesAssociatedStoreTest" duration-ms="347" started-at="2019-02-26T11:56:13Z" finished-at="2019-02-26T11:56:13Z">
          <reporter-output>
          </reporter-output>
        </test-method> <!-- validateManageCategoryObjectPropertiesAssociatedStoreTest -->
        <test-method status="PASS" signature="validateManageCategoryObjectPropertiesAssociatedStoreDisplayedTest()[pri:11, instance:com.ibm.commerce.cmc.catalogs.testcases.CreateNewMasterCategoryTest@4c583ecf]" name="validateManageCategoryObjectPropertiesAssociatedStoreDisplayedTest" duration-ms="158" started-at="2019-02-26T11:56:13Z" finished-at="2019-02-26T11:56:13Z">
          <reporter-output>
          </reporter-output>
        </test-method> <!-- validateManageCategoryObjectPropertiesAssociatedStoreDisplayedTest -->
        <test-method status="FAIL" signature="validateManageCategoryGeneralCategoryInformationCodeFieldNameTest()[pri:12, instance:com.ibm.commerce.cmc.catalogs.testcases.CreateNewMasterCategoryTest@4c583ecf]" name="validateManageCategoryGeneralCategoryInformationCodeFieldNameTest" duration-ms="42" started-at="2019-02-26T11:56:13Z" finished-at="2019-02-26T11:56:13Z">
          <exception class="java.lang.AssertionError">
            <message>
              <![CDATA[expected [Code] but found []]]>
            </message>
            <full-stacktrace>
              <![CDATA[java.lang.AssertionError: expected [Code] but found []
at org.testng.Assert.fail(Assert.java:96)
at org.testng.Assert.failNotEquals(Assert.java:776)
at org.testng.Assert.assertEqualsImpl(Assert.java:137)
at org.testng.Assert.assertEquals(Assert.java:118)
at org.testng.Assert.assertEquals(Assert.java:453)
at org.testng.Assert.assertEquals(Assert.java:463)
at com.ibm.commerce.cmc.catalogs.testcases.CreateNewMasterCategoryTest.validateManageCategoryGeneralCategoryInformationCodeFieldNameTest(CreateNewMasterCategoryTest.java:164)
at sun.reflect.NativeMethodAccessorImpl.invoke0(Native Method)
at sun.reflect.NativeMethodAccessorImpl.invoke(NativeMethodAccessorImpl.java:62)
at sun.reflect.DelegatingMethodAccessorImpl.invoke(DelegatingMethodAccessorImpl.java:43)
at java.lang.reflect.Method.invoke(Method.java:498)
at org.testng.internal.MethodInvocationHelper.invokeMethod(MethodInvocationHelper.java:124)
at org.testng.internal.Invoker.invokeMethod(Invoker.java:583)
at org.testng.internal.Invoker.invokeTestMethod(Invoker.java:719)
at org.testng.internal.Invoker.invokeTestMethods(Invoker.java:989)
at org.testng.internal.TestMethodWorker.invokeTestMethods(TestMethodWorker.java:125)
at org.testng.internal.TestMethodWorker.run(TestMethodWorker.java:109)
at org.testng.TestRunner.privateRun(TestRunner.java:648)
at org.testng.TestRunner.run(TestRunner.java:505)
at org.testng.SuiteRunner.runTest(SuiteRunner.java:455)
at org.testng.SuiteRunner.runSequentially(SuiteRunner.java:450)
at org.testng.SuiteRunner.privateRun(SuiteRunner.java:415)
at org.testng.SuiteRunner.run(SuiteRunner.java:364)
at org.testng.SuiteRunnerWorker.runSuite(SuiteRunnerWorker.java:52)
at org.testng.SuiteRunnerWorker.run(SuiteRunnerWorker.java:84)
at org.testng.TestNG.runSuitesSequentially(TestNG.java:1208)
at org.testng.TestNG.runSuitesLocally(TestNG.java:1137)
at org.testng.TestNG.runSuites(TestNG.java:1049)
at org.testng.TestNG.run(TestNG.java:1017)
at org.testng.remote.AbstractRemoteTestNG.run(AbstractRemoteTestNG.java:114)
at org.testng.remote.RemoteTestNG.initAndRun(RemoteTestNG.java:251)
at org.testng.remote.RemoteTestNG.main(RemoteTestNG.java:77)
]]>
            </full-stacktrace>
          </exception> <!-- java.lang.AssertionError -->
          <reporter-output>
          </reporter-output>
        </test-method> <!-- validateManageCategoryGeneralCategoryInformationCodeFieldNameTest -->
        <test-method status="PASS" signature="validateManageCategoryGeneralCategoryInformationUniqueIdFieldNameTest()[pri:12, instance:com.ibm.commerce.cmc.catalogs.testcases.CreateNewMasterCategoryTest@4c583ecf]" name="validateManageCategoryGeneralCategoryInformationUniqueIdFieldNameTest" duration-ms="116" started-at="2019-02-26T11:56:14Z" finished-at="2019-02-26T11:56:14Z">
          <reporter-output>
          </reporter-output>
        </test-method> <!-- validateManageCategoryGeneralCategoryInformationUniqueIdFieldNameTest -->
        <test-method status="PASS" signature="validateManageCategoryGeneralCategoryInformationNameFieldTest()[pri:13, instance:com.ibm.commerce.cmc.catalogs.testcases.CreateNewMasterCategoryTest@4c583ecf]" name="validateManageCategoryGeneralCategoryInformationNameFieldTest" duration-ms="82" started-at="2019-02-26T11:56:14Z" finished-at="2019-02-26T11:56:14Z">
          <reporter-output>
          </reporter-output>
        </test-method> <!-- validateManageCategoryGeneralCategoryInformationNameFieldTest -->
        <test-method status="PASS" signature="validateManageCategoryGeneralCategoryInformationShortDescriptionFieldTest()[pri:14, instance:com.ibm.commerce.cmc.catalogs.testcases.CreateNewMasterCategoryTest@4c583ecf]" name="validateManageCategoryGeneralCategoryInformationShortDescriptionFieldTest" duration-ms="74" started-at="2019-02-26T11:56:14Z" finished-at="2019-02-26T11:56:14Z">
          <reporter-output>
          </reporter-output>
        </test-method> <!-- validateManageCategoryGeneralCategoryInformationShortDescriptionFieldTest -->
        <test-method status="PASS" signature="validateManageCategoryInputGeneralCategoryInformationTest()[pri:15, instance:com.ibm.commerce.cmc.catalogs.testcases.CreateNewMasterCategoryTest@4c583ecf]" name="validateManageCategoryInputGeneralCategoryInformationTest" duration-ms="1603" started-at="2019-02-26T11:56:14Z" finished-at="2019-02-26T11:56:16Z">
          <reporter-output>
          </reporter-output>
        </test-method> <!-- validateManageCategoryInputGeneralCategoryInformationTest -->
        <test-method status="PASS" signature="validateManageCategoryDisplayAccordionDisplayToCustomerFieldTest()[pri:16, instance:com.ibm.commerce.cmc.catalogs.testcases.CreateNewMasterCategoryTest@4c583ecf]" name="validateManageCategoryDisplayAccordionDisplayToCustomerFieldTest" duration-ms="262" started-at="2019-02-26T11:56:16Z" finished-at="2019-02-26T11:56:16Z">
          <reporter-output>
          </reporter-output>
        </test-method> <!-- validateManageCategoryDisplayAccordionDisplayToCustomerFieldTest -->
        <test-method status="PASS" signature="validateManageCategoryDisplayAccordionThumbnailFieldTest()[pri:17, instance:com.ibm.commerce.cmc.catalogs.testcases.CreateNewMasterCategoryTest@4c583ecf]" name="validateManageCategoryDisplayAccordionThumbnailFieldTest" duration-ms="96" started-at="2019-02-26T11:56:16Z" finished-at="2019-02-26T11:56:16Z">
          <reporter-output>
          </reporter-output>
        </test-method> <!-- validateManageCategoryDisplayAccordionThumbnailFieldTest -->
        <test-method status="FAIL" signature="validateManageCategoryDisplayAccordionFullImageFieldTest()[pri:18, instance:com.ibm.commerce.cmc.catalogs.testcases.CreateNewMasterCategoryTest@4c583ecf]" name="validateManageCategoryDisplayAccordionFullImageFieldTest" duration-ms="89" started-at="2019-02-26T11:56:16Z" finished-at="2019-02-26T11:56:16Z">
          <exception class="java.lang.AssertionError">
            <message>
              <![CDATA[expected [Full image (United State English)] but found [Full image]]]>
            </message>
            <full-stacktrace>
              <![CDATA[java.lang.AssertionError: expected [Full image (United State English)] but found [Full image]
at org.testng.Assert.fail(Assert.java:96)
at org.testng.Assert.failNotEquals(Assert.java:776)
at org.testng.Assert.assertEqualsImpl(Assert.java:137)
at org.testng.Assert.assertEquals(Assert.java:118)
at org.testng.Assert.assertEquals(Assert.java:453)
at org.testng.Assert.assertEquals(Assert.java:463)
at com.ibm.commerce.cmc.catalogs.testcases.CreateNewMasterCategoryTest.validateManageCategoryDisplayAccordionFullImageFieldTest(CreateNewMasterCategoryTest.java:207)
at sun.reflect.NativeMethodAccessorImpl.invoke0(Native Method)
at sun.reflect.NativeMethodAccessorImpl.invoke(NativeMethodAccessorImpl.java:62)
at sun.reflect.DelegatingMethodAccessorImpl.invoke(DelegatingMethodAccessorImpl.java:43)
at java.lang.reflect.Method.invoke(Method.java:498)
at org.testng.internal.MethodInvocationHelper.invokeMethod(MethodInvocationHelper.java:124)
at org.testng.internal.Invoker.invokeMethod(Invoker.java:583)
at org.testng.internal.Invoker.invokeTestMethod(Invoker.java:719)
at org.testng.internal.Invoker.invokeTestMethods(Invoker.java:989)
at org.testng.internal.TestMethodWorker.invokeTestMethods(TestMethodWorker.java:125)
at org.testng.internal.TestMethodWorker.run(TestMethodWorker.java:109)
at org.testng.TestRunner.privateRun(TestRunner.java:648)
at org.testng.TestRunner.run(TestRunner.java:505)
at org.testng.SuiteRunner.runTest(SuiteRunner.java:455)
at org.testng.SuiteRunner.runSequentially(SuiteRunner.java:450)
at org.testng.SuiteRunner.privateRun(SuiteRunner.java:415)
at org.testng.SuiteRunner.run(SuiteRunner.java:364)
at org.testng.SuiteRunnerWorker.runSuite(SuiteRunnerWorker.java:52)
at org.testng.SuiteRunnerWorker.run(SuiteRunnerWorker.java:84)
at org.testng.TestNG.runSuitesSequentially(TestNG.java:1208)
at org.testng.TestNG.runSuitesLocally(TestNG.java:1137)
at org.testng.TestNG.runSuites(TestNG.java:1049)
at org.testng.TestNG.run(TestNG.java:1017)
at org.testng.remote.AbstractRemoteTestNG.run(AbstractRemoteTestNG.java:114)
at org.testng.remote.RemoteTestNG.initAndRun(RemoteTestNG.java:251)
at org.testng.remote.RemoteTestNG.main(RemoteTestNG.java:77)
]]>
            </full-stacktrace>
          </exception> <!-- java.lang.AssertionError -->
          <reporter-output>
          </reporter-output>
        </test-method> <!-- validateManageCategoryDisplayAccordionFullImageFieldTest -->
        <test-method status="PASS" signature="validateManageCategoryInputDisplayAccordionInformationTest()[pri:19, instance:com.ibm.commerce.cmc.catalogs.testcases.CreateNewMasterCategoryTest@4c583ecf]" name="validateManageCategoryInputDisplayAccordionInformationTest" duration-ms="765" started-at="2019-02-26T11:56:17Z" finished-at="2019-02-26T11:56:17Z">
          <reporter-output>
          </reporter-output>
        </test-method> <!-- validateManageCategoryInputDisplayAccordionInformationTest -->
        <test-method status="FAIL" signature="validateSearchEngineOptimizationURLKeywordFieldTest()[pri:20, instance:com.ibm.commerce.cmc.catalogs.testcases.CreateNewMasterCategoryTest@4c583ecf]" name="validateSearchEngineOptimizationURLKeywordFieldTest" duration-ms="128" started-at="2019-02-26T11:56:17Z" finished-at="2019-02-26T11:56:18Z">
          <exception class="java.lang.AssertionError">
            <message>
              <![CDATA[expected [URL keyword (United State English)] but found [URL keyword]]]>
            </message>
            <full-stacktrace>
              <![CDATA[java.lang.AssertionError: expected [URL keyword (United State English)] but found [URL keyword]
at org.testng.Assert.fail(Assert.java:96)
at org.testng.Assert.failNotEquals(Assert.java:776)
at org.testng.Assert.assertEqualsImpl(Assert.java:137)
at org.testng.Assert.assertEquals(Assert.java:118)
at org.testng.Assert.assertEquals(Assert.java:453)
at org.testng.Assert.assertEquals(Assert.java:463)
at com.ibm.commerce.cmc.catalogs.testcases.CreateNewMasterCategoryTest.validateSearchEngineOptimizationURLKeywordFieldTest(CreateNewMasterCategoryTest.java:220)
at sun.reflect.NativeMethodAccessorImpl.invoke0(Native Method)
at sun.reflect.NativeMethodAccessorImpl.invoke(NativeMethodAccessorImpl.java:62)
at sun.reflect.DelegatingMethodAccessorImpl.invoke(DelegatingMethodAccessorImpl.java:43)
at java.lang.reflect.Method.invoke(Method.java:498)
at org.testng.internal.MethodInvocationHelper.invokeMethod(MethodInvocationHelper.java:124)
at org.testng.internal.Invoker.invokeMethod(Invoker.java:583)
at org.testng.internal.Invoker.invokeTestMethod(Invoker.java:719)
at org.testng.internal.Invoker.invokeTestMethods(Invoker.java:989)
at org.testng.internal.TestMethodWorker.invokeTestMethods(TestMethodWorker.java:125)
at org.testng.internal.TestMethodWorker.run(TestMethodWorker.java:109)
at org.testng.TestRunner.privateRun(TestRunner.java:648)
at org.testng.TestRunner.run(TestRunner.java:505)
at org.testng.SuiteRunner.runTest(SuiteRunner.java:455)
at org.testng.SuiteRunner.runSequentially(SuiteRunner.java:450)
at org.testng.SuiteRunner.privateRun(SuiteRunner.java:415)
at org.testng.SuiteRunner.run(SuiteRunner.java:364)
at org.testng.SuiteRunnerWorker.runSuite(SuiteRunnerWorker.java:52)
at org.testng.SuiteRunnerWorker.run(SuiteRunnerWorker.java:84)
at org.testng.TestNG.runSuitesSequentially(TestNG.java:1208)
at org.testng.TestNG.runSuitesLocally(TestNG.java:1137)
at org.testng.TestNG.runSuites(TestNG.java:1049)
at org.testng.TestNG.run(TestNG.java:1017)
at org.testng.remote.AbstractRemoteTestNG.run(AbstractRemoteTestNG.java:114)
at org.testng.remote.RemoteTestNG.initAndRun(RemoteTestNG.java:251)
at org.testng.remote.RemoteTestNG.main(RemoteTestNG.java:77)
]]>
            </full-stacktrace>
          </exception> <!-- java.lang.AssertionError -->
          <reporter-output>
          </reporter-output>
        </test-method> <!-- validateSearchEngineOptimizationURLKeywordFieldTest -->
        <test-method status="PASS" signature="validateSearchEngineOptimizationPageTitleFieldTest()[pri:21, instance:com.ibm.commerce.cmc.catalogs.testcases.CreateNewMasterCategoryTest@4c583ecf]" name="validateSearchEngineOptimizationPageTitleFieldTest" duration-ms="52" started-at="2019-02-26T11:56:18Z" finished-at="2019-02-26T11:56:18Z">
          <reporter-output>
          </reporter-output>
        </test-method> <!-- validateSearchEngineOptimizationPageTitleFieldTest -->
        <test-method status="FAIL" signature="validateSearchEngineOptimizationPageTitleUseDefaultRadioTest()[pri:22, instance:com.ibm.commerce.cmc.catalogs.testcases.CreateNewMasterCategoryTest@4c583ecf]" name="validateSearchEngineOptimizationPageTitleUseDefaultRadioTest" duration-ms="37" started-at="2019-02-26T11:56:18Z" finished-at="2019-02-26T11:56:18Z">
          <exception class="java.lang.AssertionError">
            <message>
              <![CDATA[expected [true] but found [false]]]>
            </message>
            <full-stacktrace>
              <![CDATA[java.lang.AssertionError: expected [true] but found [false]
at org.testng.Assert.fail(Assert.java:96)
at org.testng.Assert.failNotEquals(Assert.java:776)
at org.testng.Assert.assertTrue(Assert.java:44)
at org.testng.Assert.assertTrue(Assert.java:54)
at com.ibm.commerce.cmc.catalogs.testcases.CreateNewMasterCategoryTest.validateSearchEngineOptimizationPageTitleUseDefaultRadioTest(CreateNewMasterCategoryTest.java:233)
at sun.reflect.NativeMethodAccessorImpl.invoke0(Native Method)
at sun.reflect.NativeMethodAccessorImpl.invoke(NativeMethodAccessorImpl.java:62)
at sun.reflect.DelegatingMethodAccessorImpl.invoke(DelegatingMethodAccessorImpl.java:43)
at java.lang.reflect.Method.invoke(Method.java:498)
at org.testng.internal.MethodInvocationHelper.invokeMethod(MethodInvocationHelper.java:124)
at org.testng.internal.Invoker.invokeMethod(Invoker.java:583)
at org.testng.internal.Invoker.invokeTestMethod(Invoker.java:719)
at org.testng.internal.Invoker.invokeTestMethods(Invoker.java:989)
at org.testng.internal.TestMethodWorker.invokeTestMethods(TestMethodWorker.java:125)
at org.testng.internal.TestMethodWorker.run(TestMethodWorker.java:109)
at org.testng.TestRunner.privateRun(TestRunner.java:648)
at org.testng.TestRunner.run(TestRunner.java:505)
at org.testng.SuiteRunner.runTest(SuiteRunner.java:455)
at org.testng.SuiteRunner.runSequentially(SuiteRunner.java:450)
at org.testng.SuiteRunner.privateRun(SuiteRunner.java:415)
at org.testng.SuiteRunner.run(SuiteRunner.java:364)
at org.testng.SuiteRunnerWorker.runSuite(SuiteRunnerWorker.java:52)
at org.testng.SuiteRunnerWorker.run(SuiteRunnerWorker.java:84)
at org.testng.TestNG.runSuitesSequentially(TestNG.java:1208)
at org.testng.TestNG.runSuitesLocally(TestNG.java:1137)
at org.testng.TestNG.runSuites(TestNG.java:1049)
at org.testng.TestNG.run(TestNG.java:1017)
at org.testng.remote.AbstractRemoteTestNG.run(AbstractRemoteTestNG.java:114)
at org.testng.remote.RemoteTestNG.initAndRun(RemoteTestNG.java:251)
at org.testng.remote.RemoteTestNG.main(RemoteTestNG.java:77)
]]>
            </full-stacktrace>
          </exception> <!-- java.lang.AssertionError -->
          <reporter-output>
          </reporter-output>
        </test-method> <!-- validateSearchEngineOptimizationPageTitleUseDefaultRadioTest -->
        <test-method status="PASS" signature="validateSearchEngineOptimizationPageTitleOverrideDefaultRadioTest()[pri:23, instance:com.ibm.commerce.cmc.catalogs.testcases.CreateNewMasterCategoryTest@4c583ecf]" name="validateSearchEngineOptimizationPageTitleOverrideDefaultRadioTest" duration-ms="31" started-at="2019-02-26T11:56:19Z" finished-at="2019-02-26T11:56:19Z">
          <reporter-output>
          </reporter-output>
        </test-method> <!-- validateSearchEngineOptimizationPageTitleOverrideDefaultRadioTest -->
        <test-method status="FAIL" signature="validateSearchEngineOptimizationPageTitleOverrideDefaultRadioAutoSelectTest()[pri:24, instance:com.ibm.commerce.cmc.catalogs.testcases.CreateNewMasterCategoryTest@4c583ecf]" name="validateSearchEngineOptimizationPageTitleOverrideDefaultRadioAutoSelectTest" duration-ms="118" started-at="2019-02-26T11:56:19Z" finished-at="2019-02-26T11:56:19Z">
          <exception class="java.lang.AssertionError">
            <message>
              <![CDATA[expected [true] but found [false]]]>
            </message>
            <full-stacktrace>
              <![CDATA[java.lang.AssertionError: expected [true] but found [false]
at org.testng.Assert.fail(Assert.java:96)
at org.testng.Assert.failNotEquals(Assert.java:776)
at org.testng.Assert.assertTrue(Assert.java:44)
at org.testng.Assert.assertTrue(Assert.java:54)
at com.ibm.commerce.cmc.catalogs.testcases.CreateNewMasterCategoryTest.validateSearchEngineOptimizationPageTitleOverrideDefaultRadioAutoSelectTest(CreateNewMasterCategoryTest.java:244)
at sun.reflect.NativeMethodAccessorImpl.invoke0(Native Method)
at sun.reflect.NativeMethodAccessorImpl.invoke(NativeMethodAccessorImpl.java:62)
at sun.reflect.DelegatingMethodAccessorImpl.invoke(DelegatingMethodAccessorImpl.java:43)
at java.lang.reflect.Method.invoke(Method.java:498)
at org.testng.internal.MethodInvocationHelper.invokeMethod(MethodInvocationHelper.java:124)
at org.testng.internal.Invoker.invokeMethod(Invoker.java:583)
at org.testng.internal.Invoker.invokeTestMethod(Invoker.java:719)
at org.testng.internal.Invoker.invokeTestMethods(Invoker.java:989)
at org.testng.internal.TestMethodWorker.invokeTestMethods(TestMethodWorker.java:125)
at org.testng.internal.TestMethodWorker.run(TestMethodWorker.java:109)
at org.testng.TestRunner.privateRun(TestRunner.java:648)
at org.testng.TestRunner.run(TestRunner.java:505)
at org.testng.SuiteRunner.runTest(SuiteRunner.java:455)
at org.testng.SuiteRunner.runSequentially(SuiteRunner.java:450)
at org.testng.SuiteRunner.privateRun(SuiteRunner.java:415)
at org.testng.SuiteRunner.run(SuiteRunner.java:364)
at org.testng.SuiteRunnerWorker.runSuite(SuiteRunnerWorker.java:52)
at org.testng.SuiteRunnerWorker.run(SuiteRunnerWorker.java:84)
at org.testng.TestNG.runSuitesSequentially(TestNG.java:1208)
at org.testng.TestNG.runSuitesLocally(TestNG.java:1137)
at org.testng.TestNG.runSuites(TestNG.java:1049)
at org.testng.TestNG.run(TestNG.java:1017)
at org.testng.remote.AbstractRemoteTestNG.run(AbstractRemoteTestNG.java:114)
at org.testng.remote.RemoteTestNG.initAndRun(RemoteTestNG.java:251)
at org.testng.remote.RemoteTestNG.main(RemoteTestNG.java:77)
]]>
            </full-stacktrace>
          </exception> <!-- java.lang.AssertionError -->
          <reporter-output>
          </reporter-output>
        </test-method> <!-- validateSearchEngineOptimizationPageTitleOverrideDefaultRadioAutoSelectTest -->
        <test-method status="PASS" signature="validateSearchEngineOptimizationMetaDescriptionFieldTest()[pri:25, instance:com.ibm.commerce.cmc.catalogs.testcases.CreateNewMasterCategoryTest@4c583ecf]" name="validateSearchEngineOptimizationMetaDescriptionFieldTest" duration-ms="39" started-at="2019-02-26T11:56:19Z" finished-at="2019-02-26T11:56:19Z">
          <reporter-output>
          </reporter-output>
        </test-method> <!-- validateSearchEngineOptimizationMetaDescriptionFieldTest -->
        <test-method status="FAIL" signature="validateSearchEngineOptimizationMetaDescriptionUseDefaultRadioTest()[pri:26, instance:com.ibm.commerce.cmc.catalogs.testcases.CreateNewMasterCategoryTest@4c583ecf]" name="validateSearchEngineOptimizationMetaDescriptionUseDefaultRadioTest" duration-ms="71" started-at="2019-02-26T11:56:19Z" finished-at="2019-02-26T11:56:19Z">
          <exception class="java.lang.AssertionError">
            <message>
              <![CDATA[expected [true] but found [false]]]>
            </message>
            <full-stacktrace>
              <![CDATA[java.lang.AssertionError: expected [true] but found [false]
at org.testng.Assert.fail(Assert.java:96)
at org.testng.Assert.failNotEquals(Assert.java:776)
at org.testng.Assert.assertTrue(Assert.java:44)
at org.testng.Assert.assertTrue(Assert.java:54)
at com.ibm.commerce.cmc.catalogs.testcases.CreateNewMasterCategoryTest.validateSearchEngineOptimizationMetaDescriptionUseDefaultRadioTest(CreateNewMasterCategoryTest.java:255)
at sun.reflect.NativeMethodAccessorImpl.invoke0(Native Method)
at sun.reflect.NativeMethodAccessorImpl.invoke(NativeMethodAccessorImpl.java:62)
at sun.reflect.DelegatingMethodAccessorImpl.invoke(DelegatingMethodAccessorImpl.java:43)
at java.lang.reflect.Method.invoke(Method.java:498)
at org.testng.internal.MethodInvocationHelper.invokeMethod(MethodInvocationHelper.java:124)
at org.testng.internal.Invoker.invokeMethod(Invoker.java:583)
at org.testng.internal.Invoker.invokeTestMethod(Invoker.java:719)
at org.testng.internal.Invoker.invokeTestMethods(Invoker.java:989)
at org.testng.internal.TestMethodWorker.invokeTestMethods(TestMethodWorker.java:125)
at org.testng.internal.TestMethodWorker.run(TestMethodWorker.java:109)
at org.testng.TestRunner.privateRun(TestRunner.java:648)
at org.testng.TestRunner.run(TestRunner.java:505)
at org.testng.SuiteRunner.runTest(SuiteRunner.java:455)
at org.testng.SuiteRunner.runSequentially(SuiteRunner.java:450)
at org.testng.SuiteRunner.privateRun(SuiteRunner.java:415)
at org.testng.SuiteRunner.run(SuiteRunner.java:364)
at org.testng.SuiteRunnerWorker.runSuite(SuiteRunnerWorker.java:52)
at org.testng.SuiteRunnerWorker.run(SuiteRunnerWorker.java:84)
at org.testng.TestNG.runSuitesSequentially(TestNG.java:1208)
at org.testng.TestNG.runSuitesLocally(TestNG.java:1137)
at org.testng.TestNG.runSuites(TestNG.java:1049)
at org.testng.TestNG.run(TestNG.java:1017)
at org.testng.remote.AbstractRemoteTestNG.run(AbstractRemoteTestNG.java:114)
at org.testng.remote.RemoteTestNG.initAndRun(RemoteTestNG.java:251)
at org.testng.remote.RemoteTestNG.main(RemoteTestNG.java:77)
]]>
            </full-stacktrace>
          </exception> <!-- java.lang.AssertionError -->
          <reporter-output>
          </reporter-output>
        </test-method> <!-- validateSearchEngineOptimizationMetaDescriptionUseDefaultRadioTest -->
        <test-method status="PASS" signature="validateSearchEngineOptimizationMetaDescriptionOverrideDefaultRadioTest()[pri:27, instance:com.ibm.commerce.cmc.catalogs.testcases.CreateNewMasterCategoryTest@4c583ecf]" name="validateSearchEngineOptimizationMetaDescriptionOverrideDefaultRadioTest" duration-ms="31" started-at="2019-02-26T11:56:20Z" finished-at="2019-02-26T11:56:20Z">
          <reporter-output>
          </reporter-output>
        </test-method> <!-- validateSearchEngineOptimizationMetaDescriptionOverrideDefaultRadioTest -->
        <test-method status="FAIL" signature="validateSearchEngineOptimizationMetaDescriptionOverrideDefaultRadioAutoSelectTest()[pri:28, instance:com.ibm.commerce.cmc.catalogs.testcases.CreateNewMasterCategoryTest@4c583ecf]" name="validateSearchEngineOptimizationMetaDescriptionOverrideDefaultRadioAutoSelectTest" duration-ms="109" started-at="2019-02-26T11:56:20Z" finished-at="2019-02-26T11:56:20Z">
          <exception class="java.lang.AssertionError">
            <message>
              <![CDATA[expected [true] but found [false]]]>
            </message>
            <full-stacktrace>
              <![CDATA[java.lang.AssertionError: expected [true] but found [false]
at org.testng.Assert.fail(Assert.java:96)
at org.testng.Assert.failNotEquals(Assert.java:776)
at org.testng.Assert.assertTrue(Assert.java:44)
at org.testng.Assert.assertTrue(Assert.java:54)
at com.ibm.commerce.cmc.catalogs.testcases.CreateNewMasterCategoryTest.validateSearchEngineOptimizationMetaDescriptionOverrideDefaultRadioAutoSelectTest(CreateNewMasterCategoryTest.java:266)
at sun.reflect.NativeMethodAccessorImpl.invoke0(Native Method)
at sun.reflect.NativeMethodAccessorImpl.invoke(NativeMethodAccessorImpl.java:62)
at sun.reflect.DelegatingMethodAccessorImpl.invoke(DelegatingMethodAccessorImpl.java:43)
at java.lang.reflect.Method.invoke(Method.java:498)
at org.testng.internal.MethodInvocationHelper.invokeMethod(MethodInvocationHelper.java:124)
at org.testng.internal.Invoker.invokeMethod(Invoker.java:583)
at org.testng.internal.Invoker.invokeTestMethod(Invoker.java:719)
at org.testng.internal.Invoker.invokeTestMethods(Invoker.java:989)
at org.testng.internal.TestMethodWorker.invokeTestMethods(TestMethodWorker.java:125)
at org.testng.internal.TestMethodWorker.run(TestMethodWorker.java:109)
at org.testng.TestRunner.privateRun(TestRunner.java:648)
at org.testng.TestRunner.run(TestRunner.java:505)
at org.testng.SuiteRunner.runTest(SuiteRunner.java:455)
at org.testng.SuiteRunner.runSequentially(SuiteRunner.java:450)
at org.testng.SuiteRunner.privateRun(SuiteRunner.java:415)
at org.testng.SuiteRunner.run(SuiteRunner.java:364)
at org.testng.SuiteRunnerWorker.runSuite(SuiteRunnerWorker.java:52)
at org.testng.SuiteRunnerWorker.run(SuiteRunnerWorker.java:84)
at org.testng.TestNG.runSuitesSequentially(TestNG.java:1208)
at org.testng.TestNG.runSuitesLocally(TestNG.java:1137)
at org.testng.TestNG.runSuites(TestNG.java:1049)
at org.testng.TestNG.run(TestNG.java:1017)
at org.testng.remote.AbstractRemoteTestNG.run(AbstractRemoteTestNG.java:114)
at org.testng.remote.RemoteTestNG.initAndRun(RemoteTestNG.java:251)
at org.testng.remote.RemoteTestNG.main(RemoteTestNG.java:77)
]]>
            </full-stacktrace>
          </exception> <!-- java.lang.AssertionError -->
          <reporter-output>
          </reporter-output>
        </test-method> <!-- validateSearchEngineOptimizationMetaDescriptionOverrideDefaultRadioAutoSelectTest -->
        <test-method status="PASS" signature="validateSearchEngineOptimizationImageAltFieldTest()[pri:29, instance:com.ibm.commerce.cmc.catalogs.testcases.CreateNewMasterCategoryTest@4c583ecf]" name="validateSearchEngineOptimizationImageAltFieldTest" duration-ms="33" started-at="2019-02-26T11:56:20Z" finished-at="2019-02-26T11:56:20Z">
          <reporter-output>
          </reporter-output>
        </test-method> <!-- validateSearchEngineOptimizationImageAltFieldTest -->
        <test-method status="FAIL" signature="validateSearchEngineOptimizationImageAltTextUseDefaultRadioTest()[pri:30, instance:com.ibm.commerce.cmc.catalogs.testcases.CreateNewMasterCategoryTest@4c583ecf]" name="validateSearchEngineOptimizationImageAltTextUseDefaultRadioTest" duration-ms="34" started-at="2019-02-26T11:56:20Z" finished-at="2019-02-26T11:56:20Z">
          <exception class="java.lang.AssertionError">
            <message>
              <![CDATA[expected [true] but found [false]]]>
            </message>
            <full-stacktrace>
              <![CDATA[java.lang.AssertionError: expected [true] but found [false]
at org.testng.Assert.fail(Assert.java:96)
at org.testng.Assert.failNotEquals(Assert.java:776)
at org.testng.Assert.assertTrue(Assert.java:44)
at org.testng.Assert.assertTrue(Assert.java:54)
at com.ibm.commerce.cmc.catalogs.testcases.CreateNewMasterCategoryTest.validateSearchEngineOptimizationImageAltTextUseDefaultRadioTest(CreateNewMasterCategoryTest.java:278)
at sun.reflect.NativeMethodAccessorImpl.invoke0(Native Method)
at sun.reflect.NativeMethodAccessorImpl.invoke(NativeMethodAccessorImpl.java:62)
at sun.reflect.DelegatingMethodAccessorImpl.invoke(DelegatingMethodAccessorImpl.java:43)
at java.lang.reflect.Method.invoke(Method.java:498)
at org.testng.internal.MethodInvocationHelper.invokeMethod(MethodInvocationHelper.java:124)
at org.testng.internal.Invoker.invokeMethod(Invoker.java:583)
at org.testng.internal.Invoker.invokeTestMethod(Invoker.java:719)
at org.testng.internal.Invoker.invokeTestMethods(Invoker.java:989)
at org.testng.internal.TestMethodWorker.invokeTestMethods(TestMethodWorker.java:125)
at org.testng.internal.TestMethodWorker.run(TestMethodWorker.java:109)
at org.testng.TestRunner.privateRun(TestRunner.java:648)
at org.testng.TestRunner.run(TestRunner.java:505)
at org.testng.SuiteRunner.runTest(SuiteRunner.java:455)
at org.testng.SuiteRunner.runSequentially(SuiteRunner.java:450)
at org.testng.SuiteRunner.privateRun(SuiteRunner.java:415)
at org.testng.SuiteRunner.run(SuiteRunner.java:364)
at org.testng.SuiteRunnerWorker.runSuite(SuiteRunnerWorker.java:52)
at org.testng.SuiteRunnerWorker.run(SuiteRunnerWorker.java:84)
at org.testng.TestNG.runSuitesSequentially(TestNG.java:1208)
at org.testng.TestNG.runSuitesLocally(TestNG.java:1137)
at org.testng.TestNG.runSuites(TestNG.java:1049)
at org.testng.TestNG.run(TestNG.java:1017)
at org.testng.remote.AbstractRemoteTestNG.run(AbstractRemoteTestNG.java:114)
at org.testng.remote.RemoteTestNG.initAndRun(RemoteTestNG.java:251)
at org.testng.remote.RemoteTestNG.main(RemoteTestNG.java:77)
]]>
            </full-stacktrace>
          </exception> <!-- java.lang.AssertionError -->
          <reporter-output>
          </reporter-output>
        </test-method> <!-- validateSearchEngineOptimizationImageAltTextUseDefaultRadioTest -->
        <test-method status="FAIL" signature="validateSearchEngineOptimizationImageAltTextOverrideDefaultRadioTest()[pri:31, instance:com.ibm.commerce.cmc.catalogs.testcases.CreateNewMasterCategoryTest@4c583ecf]" name="validateSearchEngineOptimizationImageAltTextOverrideDefaultRadioTest" duration-ms="20013" started-at="2019-02-26T11:56:21Z" finished-at="2019-02-26T11:56:41Z">
          <exception class="org.openqa.selenium.NoSuchElementException">
            <message>
              <![CDATA[no such element: Unable to locate element: {"method":"xpath","selector":"//*[@id='n-tab-1']//ibm-radio//input[@id='radio-5']//following-sibling::label/span"}
  (Session info: chrome=72.0.3626.119)
  (Driver info: chromedriver=2.45.615355 (d5698f682d8b2742017df6c81e0bd8e6a3063189),platform=Mac OS X 10.13.6 x86_64) (WARNING: The server did not provide any stacktrace information)
Command duration or timeout: 0 milliseconds
For documentation on this error, please visit: http://seleniumhq.org/exceptions/no_such_element.html
Build info: version: '3.14.0', revision: 'aacccce0', time: '2018-08-02T20:19:58.91Z'
System info: host: 'Narasimharaos-MacBook-Pro.local', ip: 'fe80:0:0:0:10d4:48dd:f5f1:8706%en0', os.name: 'Mac OS X', os.arch: 'x86_64', os.version: '10.13.6', java.version: '1.8.0_191'
Driver info: org.openqa.selenium.chrome.ChromeDriver
Capabilities {acceptInsecureCerts: false, acceptSslCerts: false, applicationCacheEnabled: false, browserConnectionEnabled: false, browserName: chrome, chrome: {chromedriverVersion: 2.45.615355 (d5698f682d8b27..., userDataDir: /var/folders/p4/bzwnsv1x7nb...}, cssSelectorsEnabled: true, databaseEnabled: false, goog:chromeOptions: {debuggerAddress: localhost:60777}, handlesAlerts: true, hasTouchScreen: false, javascriptEnabled: true, locationContextEnabled: true, mobileEmulationEnabled: false, nativeEvents: true, networkConnectionEnabled: false, pageLoadStrategy: normal, platform: MAC, platformName: MAC, proxy: Proxy(), rotatable: false, setWindowRect: true, strictFileInteractability: false, takesHeapSnapshot: true, takesScreenshot: true, timeouts: {implicit: 0, pageLoad: 300000, script: 30000}, unexpectedAlertBehaviour: ignore, unhandledPromptBehavior: ignore, version: 72.0.3626.119, webStorageEnabled: true}
Session ID: 649a5ed7d75e1f188190cdc87911586e
*** Element info: {Using=xpath, value=//*[@id='n-tab-1']//ibm-radio//input[@id='radio-5']//following-sibling::label/span}]]>
            </message>
            <full-stacktrace>
              <![CDATA[org.openqa.selenium.NoSuchElementException: no such element: Unable to locate element: {"method":"xpath","selector":"//*[@id='n-tab-1']//ibm-radio//input[@id='radio-5']//following-sibling::label/span"}
  (Session info: chrome=72.0.3626.119)
  (Driver info: chromedriver=2.45.615355 (d5698f682d8b2742017df6c81e0bd8e6a3063189),platform=Mac OS X 10.13.6 x86_64) (WARNING: The server did not provide any stacktrace information)
Command duration or timeout: 0 milliseconds
For documentation on this error, please visit: http://seleniumhq.org/exceptions/no_such_element.html
Build info: version: '3.14.0', revision: 'aacccce0', time: '2018-08-02T20:19:58.91Z'
System info: host: 'Narasimharaos-MacBook-Pro.local', ip: 'fe80:0:0:0:10d4:48dd:f5f1:8706%en0', os.name: 'Mac OS X', os.arch: 'x86_64', os.version: '10.13.6', java.version: '1.8.0_191'
Driver info: org.openqa.selenium.chrome.ChromeDriver
Capabilities {acceptInsecureCerts: false, acceptSslCerts: false, applicationCacheEnabled: false, browserConnectionEnabled: false, browserName: chrome, chrome: {chromedriverVersion: 2.45.615355 (d5698f682d8b27..., userDataDir: /var/folders/p4/bzwnsv1x7nb...}, cssSelectorsEnabled: true, databaseEnabled: false, goog:chromeOptions: {debuggerAddress: localhost:60777}, handlesAlerts: true, hasTouchScreen: false, javascriptEnabled: true, locationContextEnabled: true, mobileEmulationEnabled: false, nativeEvents: true, networkConnectionEnabled: false, pageLoadStrategy: normal, platform: MAC, platformName: MAC, proxy: Proxy(), rotatable: false, setWindowRect: true, strictFileInteractability: false, takesHeapSnapshot: true, takesScreenshot: true, timeouts: {implicit: 0, pageLoad: 300000, script: 30000}, unexpectedAlertBehaviour: ignore, unhandledPromptBehavior: ignore, version: 72.0.3626.119, webStorageEnabled: true}
Session ID: 649a5ed7d75e1f188190cdc87911586e
*** Element info: {Using=xpath, value=//*[@id='n-tab-1']//ibm-radio//input[@id='radio-5']//following-sibling::label/span}
at sun.reflect.NativeConstructorAccessorImpl.newInstance0(Native Method)
at sun.reflect.NativeConstructorAccessorImpl.newInstance(NativeConstructorAccessorImpl.java:62)
at sun.reflect.DelegatingConstructorAccessorImpl.newInstance(DelegatingConstructorAccessorImpl.java:45)
at java.lang.reflect.Constructor.newInstance(Constructor.java:423)
at org.openqa.selenium.remote.ErrorHandler.createThrowable(ErrorHandler.java:214)
at org.openqa.selenium.remote.ErrorHandler.throwIfResponseFailed(ErrorHandler.java:166)
at org.openqa.selenium.remote.http.JsonHttpResponseCodec.reconstructValue(JsonHttpResponseCodec.java:40)
at org.openqa.selenium.remote.http.AbstractHttpResponseCodec.decode(AbstractHttpResponseCodec.java:80)
at org.openqa.selenium.remote.http.AbstractHttpResponseCodec.decode(AbstractHttpResponseCodec.java:44)
at org.openqa.selenium.remote.HttpCommandExecutor.execute(HttpCommandExecutor.java:158)
at org.openqa.selenium.remote.service.DriverCommandExecutor.execute(DriverCommandExecutor.java:83)
at org.openqa.selenium.remote.RemoteWebDriver.execute(RemoteWebDriver.java:548)
at org.openqa.selenium.remote.RemoteWebDriver.findElement(RemoteWebDriver.java:322)
at org.openqa.selenium.remote.RemoteWebDriver.findElementByXPath(RemoteWebDriver.java:424)
at org.openqa.selenium.By$ByXPath.findElement(By.java:353)
at org.openqa.selenium.remote.RemoteWebDriver.findElement(RemoteWebDriver.java:314)
at org.openqa.selenium.support.pagefactory.DefaultElementLocator.findElement(DefaultElementLocator.java:69)
at org.openqa.selenium.support.pagefactory.internal.LocatingElementHandler.invoke(LocatingElementHandler.java:38)
at com.sun.proxy.$Proxy26.isSelected(Unknown Source)
at com.ibm.commerce.cmc.ui.utils.TestUtil.isElementSelected(TestUtil.java:31)
at com.ibm.commerce.cmc.ui.catalogs.pages.NewMasterCategoryPage.isImageAltTextOverrideDefaultRadioSelected(NewMasterCategoryPage.java:584)
at com.ibm.commerce.cmc.catalogs.testcases.CreateNewMasterCategoryTest.validateSearchEngineOptimizationImageAltTextOverrideDefaultRadioTest(CreateNewMasterCategoryTest.java:283)
at sun.reflect.NativeMethodAccessorImpl.invoke0(Native Method)
at sun.reflect.NativeMethodAccessorImpl.invoke(NativeMethodAccessorImpl.java:62)
at sun.reflect.DelegatingMethodAccessorImpl.invoke(DelegatingMethodAccessorImpl.java:43)
at java.lang.reflect.Method.invoke(Method.java:498)
at org.testng.internal.MethodInvocationHelper.invokeMethod(MethodInvocationHelper.java:124)
at org.testng.internal.Invoker.invokeMethod(Invoker.java:583)
at org.testng.internal.Invoker.invokeTestMethod(Invoker.java:719)
at org.testng.internal.Invoker.invokeTestMethods(Invoker.java:989)
at org.testng.internal.TestMethodWorker.invokeTestMethods(TestMethodWorker.java:125)
at org.testng.internal.TestMethodWorker.run(TestMethodWorker.java:109)
at org.testng.TestRunner.privateRun(TestRunner.java:648)
at org.testng.TestRunner.run(TestRunner.java:505)
at org.testng.SuiteRunner.runTest(SuiteRunner.java:455)
at org.testng.SuiteRunner.runSequentially(SuiteRunner.java:450)
at org.testng.SuiteRunner.privateRun(SuiteRunner.java:415)
at org.testng.SuiteRunner.run(SuiteRunner.java:364)
at org.testng.SuiteRunnerWorker.runSuite(SuiteRunnerWorker.java:52)
at org.testng.SuiteRunnerWorker.run(SuiteRunnerWorker.java:84)
at org.testng.TestNG.runSuitesSequentially(TestNG.java:1208)
at org.testng.TestNG.runSuitesLocally(TestNG.java:1137)
at org.testng.TestNG.runSuites(TestNG.java:1049)
at org.testng.TestNG.run(TestNG.java:1017)
at org.testng.remote.AbstractRemoteTestNG.run(AbstractRemoteTestNG.java:114)
at org.testng.remote.RemoteTestNG.initAndRun(RemoteTestNG.java:251)
at org.testng.remote.RemoteTestNG.main(RemoteTestNG.java:77)
]]>
            </full-stacktrace>
          </exception> <!-- org.openqa.selenium.NoSuchElementException -->
          <reporter-output>
          </reporter-output>
        </test-method> <!-- validateSearchEngineOptimizationImageAltTextOverrideDefaultRadioTest -->
        <test-method status="FAIL" signature="validateSearchEngineOptimizationImageAltTextOverrideDefaultRadioAutoSelectTest()[pri:32, instance:com.ibm.commerce.cmc.catalogs.testcases.CreateNewMasterCategoryTest@4c583ecf]" name="validateSearchEngineOptimizationImageAltTextOverrideDefaultRadioAutoSelectTest" duration-ms="20108" started-at="2019-02-26T11:56:41Z" finished-at="2019-02-26T11:57:01Z">
          <exception class="org.openqa.selenium.NoSuchElementException">
            <message>
              <![CDATA[no such element: Unable to locate element: {"method":"xpath","selector":"//*[@id='n-tab-1']//ibm-radio//input[@id='radio-5']//following-sibling::label/span"}
  (Session info: chrome=72.0.3626.119)
  (Driver info: chromedriver=2.45.615355 (d5698f682d8b2742017df6c81e0bd8e6a3063189),platform=Mac OS X 10.13.6 x86_64) (WARNING: The server did not provide any stacktrace information)
Command duration or timeout: 0 milliseconds
For documentation on this error, please visit: http://seleniumhq.org/exceptions/no_such_element.html
Build info: version: '3.14.0', revision: 'aacccce0', time: '2018-08-02T20:19:58.91Z'
System info: host: 'Narasimharaos-MacBook-Pro.local', ip: 'fe80:0:0:0:10d4:48dd:f5f1:8706%en0', os.name: 'Mac OS X', os.arch: 'x86_64', os.version: '10.13.6', java.version: '1.8.0_191'
Driver info: org.openqa.selenium.chrome.ChromeDriver
Capabilities {acceptInsecureCerts: false, acceptSslCerts: false, applicationCacheEnabled: false, browserConnectionEnabled: false, browserName: chrome, chrome: {chromedriverVersion: 2.45.615355 (d5698f682d8b27..., userDataDir: /var/folders/p4/bzwnsv1x7nb...}, cssSelectorsEnabled: true, databaseEnabled: false, goog:chromeOptions: {debuggerAddress: localhost:60777}, handlesAlerts: true, hasTouchScreen: false, javascriptEnabled: true, locationContextEnabled: true, mobileEmulationEnabled: false, nativeEvents: true, networkConnectionEnabled: false, pageLoadStrategy: normal, platform: MAC, platformName: MAC, proxy: Proxy(), rotatable: false, setWindowRect: true, strictFileInteractability: false, takesHeapSnapshot: true, takesScreenshot: true, timeouts: {implicit: 0, pageLoad: 300000, script: 30000}, unexpectedAlertBehaviour: ignore, unhandledPromptBehavior: ignore, version: 72.0.3626.119, webStorageEnabled: true}
Session ID: 649a5ed7d75e1f188190cdc87911586e
*** Element info: {Using=xpath, value=//*[@id='n-tab-1']//ibm-radio//input[@id='radio-5']//following-sibling::label/span}]]>
            </message>
            <full-stacktrace>
              <![CDATA[org.openqa.selenium.NoSuchElementException: no such element: Unable to locate element: {"method":"xpath","selector":"//*[@id='n-tab-1']//ibm-radio//input[@id='radio-5']//following-sibling::label/span"}
  (Session info: chrome=72.0.3626.119)
  (Driver info: chromedriver=2.45.615355 (d5698f682d8b2742017df6c81e0bd8e6a3063189),platform=Mac OS X 10.13.6 x86_64) (WARNING: The server did not provide any stacktrace information)
Command duration or timeout: 0 milliseconds
For documentation on this error, please visit: http://seleniumhq.org/exceptions/no_such_element.html
Build info: version: '3.14.0', revision: 'aacccce0', time: '2018-08-02T20:19:58.91Z'
System info: host: 'Narasimharaos-MacBook-Pro.local', ip: 'fe80:0:0:0:10d4:48dd:f5f1:8706%en0', os.name: 'Mac OS X', os.arch: 'x86_64', os.version: '10.13.6', java.version: '1.8.0_191'
Driver info: org.openqa.selenium.chrome.ChromeDriver
Capabilities {acceptInsecureCerts: false, acceptSslCerts: false, applicationCacheEnabled: false, browserConnectionEnabled: false, browserName: chrome, chrome: {chromedriverVersion: 2.45.615355 (d5698f682d8b27..., userDataDir: /var/folders/p4/bzwnsv1x7nb...}, cssSelectorsEnabled: true, databaseEnabled: false, goog:chromeOptions: {debuggerAddress: localhost:60777}, handlesAlerts: true, hasTouchScreen: false, javascriptEnabled: true, locationContextEnabled: true, mobileEmulationEnabled: false, nativeEvents: true, networkConnectionEnabled: false, pageLoadStrategy: normal, platform: MAC, platformName: MAC, proxy: Proxy(), rotatable: false, setWindowRect: true, strictFileInteractability: false, takesHeapSnapshot: true, takesScreenshot: true, timeouts: {implicit: 0, pageLoad: 300000, script: 30000}, unexpectedAlertBehaviour: ignore, unhandledPromptBehavior: ignore, version: 72.0.3626.119, webStorageEnabled: true}
Session ID: 649a5ed7d75e1f188190cdc87911586e
*** Element info: {Using=xpath, value=//*[@id='n-tab-1']//ibm-radio//input[@id='radio-5']//following-sibling::label/span}
at sun.reflect.NativeConstructorAccessorImpl.newInstance0(Native Method)
at sun.reflect.NativeConstructorAccessorImpl.newInstance(NativeConstructorAccessorImpl.java:62)
at sun.reflect.DelegatingConstructorAccessorImpl.newInstance(DelegatingConstructorAccessorImpl.java:45)
at java.lang.reflect.Constructor.newInstance(Constructor.java:423)
at org.openqa.selenium.remote.ErrorHandler.createThrowable(ErrorHandler.java:214)
at org.openqa.selenium.remote.ErrorHandler.throwIfResponseFailed(ErrorHandler.java:166)
at org.openqa.selenium.remote.http.JsonHttpResponseCodec.reconstructValue(JsonHttpResponseCodec.java:40)
at org.openqa.selenium.remote.http.AbstractHttpResponseCodec.decode(AbstractHttpResponseCodec.java:80)
at org.openqa.selenium.remote.http.AbstractHttpResponseCodec.decode(AbstractHttpResponseCodec.java:44)
at org.openqa.selenium.remote.HttpCommandExecutor.execute(HttpCommandExecutor.java:158)
at org.openqa.selenium.remote.service.DriverCommandExecutor.execute(DriverCommandExecutor.java:83)
at org.openqa.selenium.remote.RemoteWebDriver.execute(RemoteWebDriver.java:548)
at org.openqa.selenium.remote.RemoteWebDriver.findElement(RemoteWebDriver.java:322)
at org.openqa.selenium.remote.RemoteWebDriver.findElementByXPath(RemoteWebDriver.java:424)
at org.openqa.selenium.By$ByXPath.findElement(By.java:353)
at org.openqa.selenium.remote.RemoteWebDriver.findElement(RemoteWebDriver.java:314)
at org.openqa.selenium.support.pagefactory.DefaultElementLocator.findElement(DefaultElementLocator.java:69)
at org.openqa.selenium.support.pagefactory.internal.LocatingElementHandler.invoke(LocatingElementHandler.java:38)
at com.sun.proxy.$Proxy26.isSelected(Unknown Source)
at com.ibm.commerce.cmc.ui.utils.TestUtil.isElementSelected(TestUtil.java:31)
at com.ibm.commerce.cmc.ui.catalogs.pages.NewMasterCategoryPage.isImageAltTextOverrideDefaultRadioSelected(NewMasterCategoryPage.java:584)
at com.ibm.commerce.cmc.catalogs.testcases.CreateNewMasterCategoryTest.validateSearchEngineOptimizationImageAltTextOverrideDefaultRadioAutoSelectTest(CreateNewMasterCategoryTest.java:290)
at sun.reflect.NativeMethodAccessorImpl.invoke0(Native Method)
at sun.reflect.NativeMethodAccessorImpl.invoke(NativeMethodAccessorImpl.java:62)
at sun.reflect.DelegatingMethodAccessorImpl.invoke(DelegatingMethodAccessorImpl.java:43)
at java.lang.reflect.Method.invoke(Method.java:498)
at org.testng.internal.MethodInvocationHelper.invokeMethod(MethodInvocationHelper.java:124)
at org.testng.internal.Invoker.invokeMethod(Invoker.java:583)
at org.testng.internal.Invoker.invokeTestMethod(Invoker.java:719)
at org.testng.internal.Invoker.invokeTestMethods(Invoker.java:989)
at org.testng.internal.TestMethodWorker.invokeTestMethods(TestMethodWorker.java:125)
at org.testng.internal.TestMethodWorker.run(TestMethodWorker.java:109)
at org.testng.TestRunner.privateRun(TestRunner.java:648)
at org.testng.TestRunner.run(TestRunner.java:505)
at org.testng.SuiteRunner.runTest(SuiteRunner.java:455)
at org.testng.SuiteRunner.runSequentially(SuiteRunner.java:450)
at org.testng.SuiteRunner.privateRun(SuiteRunner.java:415)
at org.testng.SuiteRunner.run(SuiteRunner.java:364)
at org.testng.SuiteRunnerWorker.runSuite(SuiteRunnerWorker.java:52)
at org.testng.SuiteRunnerWorker.run(SuiteRunnerWorker.java:84)
at org.testng.TestNG.runSuitesSequentially(TestNG.java:1208)
at org.testng.TestNG.runSuitesLocally(TestNG.java:1137)
at org.testng.TestNG.runSuites(TestNG.java:1049)
at org.testng.TestNG.run(TestNG.java:1017)
at org.testng.remote.AbstractRemoteTestNG.run(AbstractRemoteTestNG.java:114)
at org.testng.remote.RemoteTestNG.initAndRun(RemoteTestNG.java:251)
at org.testng.remote.RemoteTestNG.main(RemoteTestNG.java:77)
]]>
            </full-stacktrace>
          </exception> <!-- org.openqa.selenium.NoSuchElementException -->
          <reporter-output>
          </reporter-output>
        </test-method> <!-- validateSearchEngineOptimizationImageAltTextOverrideDefaultRadioAutoSelectTest -->
        <test-method status="PASS" signature="validateSearchEngineOptimizationInputDetailsTest()[pri:33, instance:com.ibm.commerce.cmc.catalogs.testcases.CreateNewMasterCategoryTest@4c583ecf]" name="validateSearchEngineOptimizationInputDetailsTest" duration-ms="1059" started-at="2019-02-26T11:57:02Z" finished-at="2019-02-26T11:57:03Z">
          <reporter-output>
          </reporter-output>
        </test-method> <!-- validateSearchEngineOptimizationInputDetailsTest -->
        <test-method status="FAIL" signature="verifyAllColumnsDisplayedUnderAssociatedAssetsTab()[pri:34, instance:com.ibm.commerce.cmc.catalogs.testcases.CreateNewMasterCategoryTest@4c583ecf]" name="verifyAllColumnsDisplayedUnderAssociatedAssetsTab" duration-ms="20488" started-at="2019-02-26T11:57:03Z" finished-at="2019-02-26T11:57:23Z">
          <exception class="org.openqa.selenium.NoSuchElementException">
            <message>
              <![CDATA[no such element: Unable to locate element: {"method":"xpath","selector":"//ibm-table//thead/tr/th[6]//span[contains(text(), 'Code')]"}
  (Session info: chrome=72.0.3626.119)
  (Driver info: chromedriver=2.45.615355 (d5698f682d8b2742017df6c81e0bd8e6a3063189),platform=Mac OS X 10.13.6 x86_64) (WARNING: The server did not provide any stacktrace information)
Command duration or timeout: 0 milliseconds
For documentation on this error, please visit: http://seleniumhq.org/exceptions/no_such_element.html
Build info: version: '3.14.0', revision: 'aacccce0', time: '2018-08-02T20:19:58.91Z'
System info: host: 'Narasimharaos-MacBook-Pro.local', ip: 'fe80:0:0:0:10d4:48dd:f5f1:8706%en0', os.name: 'Mac OS X', os.arch: 'x86_64', os.version: '10.13.6', java.version: '1.8.0_191'
Driver info: org.openqa.selenium.chrome.ChromeDriver
Capabilities {acceptInsecureCerts: false, acceptSslCerts: false, applicationCacheEnabled: false, browserConnectionEnabled: false, browserName: chrome, chrome: {chromedriverVersion: 2.45.615355 (d5698f682d8b27..., userDataDir: /var/folders/p4/bzwnsv1x7nb...}, cssSelectorsEnabled: true, databaseEnabled: false, goog:chromeOptions: {debuggerAddress: localhost:60777}, handlesAlerts: true, hasTouchScreen: false, javascriptEnabled: true, locationContextEnabled: true, mobileEmulationEnabled: false, nativeEvents: true, networkConnectionEnabled: false, pageLoadStrategy: normal, platform: MAC, platformName: MAC, proxy: Proxy(), rotatable: false, setWindowRect: true, strictFileInteractability: false, takesHeapSnapshot: true, takesScreenshot: true, timeouts: {implicit: 0, pageLoad: 300000, script: 30000}, unexpectedAlertBehaviour: ignore, unhandledPromptBehavior: ignore, version: 72.0.3626.119, webStorageEnabled: true}
Session ID: 649a5ed7d75e1f188190cdc87911586e
*** Element info: {Using=xpath, value=//ibm-table//thead/tr/th[6]//span[contains(text(), 'Code')]}]]>
            </message>
            <full-stacktrace>
              <![CDATA[org.openqa.selenium.NoSuchElementException: no such element: Unable to locate element: {"method":"xpath","selector":"//ibm-table//thead/tr/th[6]//span[contains(text(), 'Code')]"}
  (Session info: chrome=72.0.3626.119)
  (Driver info: chromedriver=2.45.615355 (d5698f682d8b2742017df6c81e0bd8e6a3063189),platform=Mac OS X 10.13.6 x86_64) (WARNING: The server did not provide any stacktrace information)
Command duration or timeout: 0 milliseconds
For documentation on this error, please visit: http://seleniumhq.org/exceptions/no_such_element.html
Build info: version: '3.14.0', revision: 'aacccce0', time: '2018-08-02T20:19:58.91Z'
System info: host: 'Narasimharaos-MacBook-Pro.local', ip: 'fe80:0:0:0:10d4:48dd:f5f1:8706%en0', os.name: 'Mac OS X', os.arch: 'x86_64', os.version: '10.13.6', java.version: '1.8.0_191'
Driver info: org.openqa.selenium.chrome.ChromeDriver
Capabilities {acceptInsecureCerts: false, acceptSslCerts: false, applicationCacheEnabled: false, browserConnectionEnabled: false, browserName: chrome, chrome: {chromedriverVersion: 2.45.615355 (d5698f682d8b27..., userDataDir: /var/folders/p4/bzwnsv1x7nb...}, cssSelectorsEnabled: true, databaseEnabled: false, goog:chromeOptions: {debuggerAddress: localhost:60777}, handlesAlerts: true, hasTouchScreen: false, javascriptEnabled: true, locationContextEnabled: true, mobileEmulationEnabled: false, nativeEvents: true, networkConnectionEnabled: false, pageLoadStrategy: normal, platform: MAC, platformName: MAC, proxy: Proxy(), rotatable: false, setWindowRect: true, strictFileInteractability: false, takesHeapSnapshot: true, takesScreenshot: true, timeouts: {implicit: 0, pageLoad: 300000, script: 30000}, unexpectedAlertBehaviour: ignore, unhandledPromptBehavior: ignore, version: 72.0.3626.119, webStorageEnabled: true}
Session ID: 649a5ed7d75e1f188190cdc87911586e
*** Element info: {Using=xpath, value=//ibm-table//thead/tr/th[6]//span[contains(text(), 'Code')]}
at sun.reflect.NativeConstructorAccessorImpl.newInstance0(Native Method)
at sun.reflect.NativeConstructorAccessorImpl.newInstance(NativeConstructorAccessorImpl.java:62)
at sun.reflect.DelegatingConstructorAccessorImpl.newInstance(DelegatingConstructorAccessorImpl.java:45)
at java.lang.reflect.Constructor.newInstance(Constructor.java:423)
at org.openqa.selenium.remote.ErrorHandler.createThrowable(ErrorHandler.java:214)
at org.openqa.selenium.remote.ErrorHandler.throwIfResponseFailed(ErrorHandler.java:166)
at org.openqa.selenium.remote.http.JsonHttpResponseCodec.reconstructValue(JsonHttpResponseCodec.java:40)
at org.openqa.selenium.remote.http.AbstractHttpResponseCodec.decode(AbstractHttpResponseCodec.java:80)
at org.openqa.selenium.remote.http.AbstractHttpResponseCodec.decode(AbstractHttpResponseCodec.java:44)
at org.openqa.selenium.remote.HttpCommandExecutor.execute(HttpCommandExecutor.java:158)
at org.openqa.selenium.remote.service.DriverCommandExecutor.execute(DriverCommandExecutor.java:83)
at org.openqa.selenium.remote.RemoteWebDriver.execute(RemoteWebDriver.java:548)
at org.openqa.selenium.remote.RemoteWebDriver.findElement(RemoteWebDriver.java:322)
at org.openqa.selenium.remote.RemoteWebDriver.findElementByXPath(RemoteWebDriver.java:424)
at org.openqa.selenium.By$ByXPath.findElement(By.java:353)
at org.openqa.selenium.remote.RemoteWebDriver.findElement(RemoteWebDriver.java:314)
at org.openqa.selenium.support.pagefactory.DefaultElementLocator.findElement(DefaultElementLocator.java:69)
at org.openqa.selenium.support.pagefactory.internal.LocatingElementHandler.invoke(LocatingElementHandler.java:38)
at com.sun.proxy.$Proxy26.isDisplayed(Unknown Source)
at com.ibm.commerce.cmc.ui.utils.TestUtil.isElementDisplayed(TestUtil.java:27)
at com.ibm.commerce.cmc.ui.catalogs.pages.NewMasterCategoryPage.isAACodeColumnExists(NewMasterCategoryPage.java:642)
at com.ibm.commerce.cmc.catalogs.testcases.CreateNewMasterCategoryTest.verifyAllColumnsDisplayedUnderAssociatedAssetsTab(CreateNewMasterCategoryTest.java:311)
at sun.reflect.NativeMethodAccessorImpl.invoke0(Native Method)
at sun.reflect.NativeMethodAccessorImpl.invoke(NativeMethodAccessorImpl.java:62)
at sun.reflect.DelegatingMethodAccessorImpl.invoke(DelegatingMethodAccessorImpl.java:43)
at java.lang.reflect.Method.invoke(Method.java:498)
at org.testng.internal.MethodInvocationHelper.invokeMethod(MethodInvocationHelper.java:124)
at org.testng.internal.Invoker.invokeMethod(Invoker.java:583)
at org.testng.internal.Invoker.invokeTestMethod(Invoker.java:719)
at org.testng.internal.Invoker.invokeTestMethods(Invoker.java:989)
at org.testng.internal.TestMethodWorker.invokeTestMethods(TestMethodWorker.java:125)
at org.testng.internal.TestMethodWorker.run(TestMethodWorker.java:109)
at org.testng.TestRunner.privateRun(TestRunner.java:648)
at org.testng.TestRunner.run(TestRunner.java:505)
at org.testng.SuiteRunner.runTest(SuiteRunner.java:455)
at org.testng.SuiteRunner.runSequentially(SuiteRunner.java:450)
at org.testng.SuiteRunner.privateRun(SuiteRunner.java:415)
at org.testng.SuiteRunner.run(SuiteRunner.java:364)
at org.testng.SuiteRunnerWorker.runSuite(SuiteRunnerWorker.java:52)
at org.testng.SuiteRunnerWorker.run(SuiteRunnerWorker.java:84)
at org.testng.TestNG.runSuitesSequentially(TestNG.java:1208)
at org.testng.TestNG.runSuitesLocally(TestNG.java:1137)
at org.testng.TestNG.runSuites(TestNG.java:1049)
at org.testng.TestNG.run(TestNG.java:1017)
at org.testng.remote.AbstractRemoteTestNG.run(AbstractRemoteTestNG.java:114)
at org.testng.remote.RemoteTestNG.initAndRun(RemoteTestNG.java:251)
at org.testng.remote.RemoteTestNG.main(RemoteTestNG.java:77)
]]>
            </full-stacktrace>
          </exception> <!-- org.openqa.selenium.NoSuchElementException -->
          <reporter-output>
          </reporter-output>
        </test-method> <!-- verifyAllColumnsDisplayedUnderAssociatedAssetsTab -->
        <test-method status="PASS" signature="verifyAllColumnsDisplayedUnderContentTab()[pri:35, instance:com.ibm.commerce.cmc.catalogs.testcases.CreateNewMasterCategoryTest@4c583ecf]" name="verifyAllColumnsDisplayedUnderContentTab" duration-ms="474" started-at="2019-02-26T11:57:23Z" finished-at="2019-02-26T11:57:24Z">
          <reporter-output>
          </reporter-output>
        </test-method> <!-- verifyAllColumnsDisplayedUnderContentTab -->
        <test-method status="PASS" signature="verifyAllColumnsDisplayedUnderReferencesTab()[pri:36, instance:com.ibm.commerce.cmc.catalogs.testcases.CreateNewMasterCategoryTest@4c583ecf]" name="verifyAllColumnsDisplayedUnderReferencesTab" duration-ms="569" started-at="2019-02-26T11:57:24Z" description=" this is only applicable for Extended Stores..." finished-at="2019-02-26T11:57:24Z">
          <reporter-output>
          </reporter-output>
        </test-method> <!-- verifyAllColumnsDisplayedUnderReferencesTab -->
        <test-method status="PASS" signature="saveNewMasterCategory()[pri:37, instance:com.ibm.commerce.cmc.catalogs.testcases.CreateNewMasterCategoryTest@4c583ecf]" name="saveNewMasterCategory" duration-ms="164" started-at="2019-02-26T11:57:24Z" finished-at="2019-02-26T11:57:25Z">
          <reporter-output>
          </reporter-output>
        </test-method> <!-- saveNewMasterCategory -->
        <test-method status="PASS" signature="tearDown()[pri:0, instance:com.ibm.commerce.cmc.catalogs.testcases.CreateNewMasterCategoryTest@4c583ecf]" name="tearDown" is-config="true" duration-ms="192" started-at="2019-02-26T11:57:25Z" finished-at="2019-02-26T11:57:25Z">
          <reporter-output>
          </reporter-output>
        </test-method> <!-- tearDown -->
      </class> <!-- com.ibm.commerce.cmc.catalogs.testcases.CreateNewMasterCategoryTest -->
    </test> <!-- CreateNewMasterCategory -->
    <test name="ExtendedSitesCatalogAssetStoreCategoriesList" duration-ms="28882" started-at="2019-02-26T11:57:25Z" finished-at="2019-02-26T11:57:54Z">
      <class name="com.ibm.commerce.cmc.catalogs.testcases.ExtendedSitesCatalogAssetStoreCategoriesListTest">
        <test-method status="PASS" signature="setUp()[pri:0, instance:com.ibm.commerce.cmc.catalogs.testcases.ExtendedSitesCatalogAssetStoreCategoriesListTest@55182842]" name="setUp" is-config="true" duration-ms="7759" started-at="2019-02-26T11:57:25Z" finished-at="2019-02-26T11:57:33Z">
          <reporter-output>
          </reporter-output>
        </test-method> <!-- setUp -->
        <test-method status="FAIL" signature="extendedSitesCatalogAssetStoreCategoriesListPageHeadingTest()[pri:1, instance:com.ibm.commerce.cmc.catalogs.testcases.ExtendedSitesCatalogAssetStoreCategoriesListTest@55182842]" name="extendedSitesCatalogAssetStoreCategoriesListPageHeadingTest" duration-ms="20059" started-at="2019-02-26T11:57:33Z" finished-at="2019-02-26T11:57:53Z">
          <exception class="org.openqa.selenium.NoSuchElementException">
            <message>
              <![CDATA[no such element: Unable to locate element: {"method":"xpath","selector":".//*[contains(text(), 'ExtendedSitesCatalogAssetStore - Categories List')]"}
  (Session info: chrome=72.0.3626.119)
  (Driver info: chromedriver=2.45.615355 (d5698f682d8b2742017df6c81e0bd8e6a3063189),platform=Mac OS X 10.13.6 x86_64) (WARNING: The server did not provide any stacktrace information)
Command duration or timeout: 0 milliseconds
For documentation on this error, please visit: http://seleniumhq.org/exceptions/no_such_element.html
Build info: version: '3.14.0', revision: 'aacccce0', time: '2018-08-02T20:19:58.91Z'
System info: host: 'Narasimharaos-MacBook-Pro.local', ip: 'fe80:0:0:0:10d4:48dd:f5f1:8706%en0', os.name: 'Mac OS X', os.arch: 'x86_64', os.version: '10.13.6', java.version: '1.8.0_191'
Driver info: org.openqa.selenium.chrome.ChromeDriver
Capabilities {acceptInsecureCerts: false, acceptSslCerts: false, applicationCacheEnabled: false, browserConnectionEnabled: false, browserName: chrome, chrome: {chromedriverVersion: 2.45.615355 (d5698f682d8b27..., userDataDir: /var/folders/p4/bzwnsv1x7nb...}, cssSelectorsEnabled: true, databaseEnabled: false, goog:chromeOptions: {debuggerAddress: localhost:61141}, handlesAlerts: true, hasTouchScreen: false, javascriptEnabled: true, locationContextEnabled: true, mobileEmulationEnabled: false, nativeEvents: true, networkConnectionEnabled: false, pageLoadStrategy: normal, platform: MAC, platformName: MAC, proxy: Proxy(), rotatable: false, setWindowRect: true, strictFileInteractability: false, takesHeapSnapshot: true, takesScreenshot: true, timeouts: {implicit: 0, pageLoad: 300000, script: 30000}, unexpectedAlertBehaviour: ignore, unhandledPromptBehavior: ignore, version: 72.0.3626.119, webStorageEnabled: true}
Session ID: 580f02f0f40d7d2f70a03e2b139903b7
*** Element info: {Using=xpath, value=.//*[contains(text(), 'ExtendedSitesCatalogAssetStore - Categories List')]}]]>
            </message>
            <full-stacktrace>
              <![CDATA[org.openqa.selenium.NoSuchElementException: no such element: Unable to locate element: {"method":"xpath","selector":".//*[contains(text(), 'ExtendedSitesCatalogAssetStore - Categories List')]"}
  (Session info: chrome=72.0.3626.119)
  (Driver info: chromedriver=2.45.615355 (d5698f682d8b2742017df6c81e0bd8e6a3063189),platform=Mac OS X 10.13.6 x86_64) (WARNING: The server did not provide any stacktrace information)
Command duration or timeout: 0 milliseconds
For documentation on this error, please visit: http://seleniumhq.org/exceptions/no_such_element.html
Build info: version: '3.14.0', revision: 'aacccce0', time: '2018-08-02T20:19:58.91Z'
System info: host: 'Narasimharaos-MacBook-Pro.local', ip: 'fe80:0:0:0:10d4:48dd:f5f1:8706%en0', os.name: 'Mac OS X', os.arch: 'x86_64', os.version: '10.13.6', java.version: '1.8.0_191'
Driver info: org.openqa.selenium.chrome.ChromeDriver
Capabilities {acceptInsecureCerts: false, acceptSslCerts: false, applicationCacheEnabled: false, browserConnectionEnabled: false, browserName: chrome, chrome: {chromedriverVersion: 2.45.615355 (d5698f682d8b27..., userDataDir: /var/folders/p4/bzwnsv1x7nb...}, cssSelectorsEnabled: true, databaseEnabled: false, goog:chromeOptions: {debuggerAddress: localhost:61141}, handlesAlerts: true, hasTouchScreen: false, javascriptEnabled: true, locationContextEnabled: true, mobileEmulationEnabled: false, nativeEvents: true, networkConnectionEnabled: false, pageLoadStrategy: normal, platform: MAC, platformName: MAC, proxy: Proxy(), rotatable: false, setWindowRect: true, strictFileInteractability: false, takesHeapSnapshot: true, takesScreenshot: true, timeouts: {implicit: 0, pageLoad: 300000, script: 30000}, unexpectedAlertBehaviour: ignore, unhandledPromptBehavior: ignore, version: 72.0.3626.119, webStorageEnabled: true}
Session ID: 580f02f0f40d7d2f70a03e2b139903b7
*** Element info: {Using=xpath, value=.//*[contains(text(), 'ExtendedSitesCatalogAssetStore - Categories List')]}
at sun.reflect.NativeConstructorAccessorImpl.newInstance0(Native Method)
at sun.reflect.NativeConstructorAccessorImpl.newInstance(NativeConstructorAccessorImpl.java:62)
at sun.reflect.DelegatingConstructorAccessorImpl.newInstance(DelegatingConstructorAccessorImpl.java:45)
at java.lang.reflect.Constructor.newInstance(Constructor.java:423)
at org.openqa.selenium.remote.ErrorHandler.createThrowable(ErrorHandler.java:214)
at org.openqa.selenium.remote.ErrorHandler.throwIfResponseFailed(ErrorHandler.java:166)
at org.openqa.selenium.remote.http.JsonHttpResponseCodec.reconstructValue(JsonHttpResponseCodec.java:40)
at org.openqa.selenium.remote.http.AbstractHttpResponseCodec.decode(AbstractHttpResponseCodec.java:80)
at org.openqa.selenium.remote.http.AbstractHttpResponseCodec.decode(AbstractHttpResponseCodec.java:44)
at org.openqa.selenium.remote.HttpCommandExecutor.execute(HttpCommandExecutor.java:158)
at org.openqa.selenium.remote.service.DriverCommandExecutor.execute(DriverCommandExecutor.java:83)
at org.openqa.selenium.remote.RemoteWebDriver.execute(RemoteWebDriver.java:548)
at org.openqa.selenium.remote.RemoteWebDriver.findElement(RemoteWebDriver.java:322)
at org.openqa.selenium.remote.RemoteWebDriver.findElementByXPath(RemoteWebDriver.java:424)
at org.openqa.selenium.By$ByXPath.findElement(By.java:353)
at org.openqa.selenium.remote.RemoteWebDriver.findElement(RemoteWebDriver.java:314)
at org.openqa.selenium.support.pagefactory.DefaultElementLocator.findElement(DefaultElementLocator.java:69)
at org.openqa.selenium.support.pagefactory.internal.LocatingElementHandler.invoke(LocatingElementHandler.java:38)
at com.sun.proxy.$Proxy26.getText(Unknown Source)
at com.ibm.commerce.cmc.ui.utils.TestUtil.getElementText(TestUtil.java:41)
at com.ibm.commerce.cmc.ui.catalogs.pages.ExtendedSitesCatalogAssetStoreCategoriesListPage.getPageHeading(ExtendedSitesCatalogAssetStoreCategoriesListPage.java:56)
at com.ibm.commerce.cmc.catalogs.testcases.ExtendedSitesCatalogAssetStoreCategoriesListTest.extendedSitesCatalogAssetStoreCategoriesListPageHeadingTest(ExtendedSitesCatalogAssetStoreCategoriesListTest.java:41)
at sun.reflect.NativeMethodAccessorImpl.invoke0(Native Method)
at sun.reflect.NativeMethodAccessorImpl.invoke(NativeMethodAccessorImpl.java:62)
at sun.reflect.DelegatingMethodAccessorImpl.invoke(DelegatingMethodAccessorImpl.java:43)
at java.lang.reflect.Method.invoke(Method.java:498)
at org.testng.internal.MethodInvocationHelper.invokeMethod(MethodInvocationHelper.java:124)
at org.testng.internal.Invoker.invokeMethod(Invoker.java:583)
at org.testng.internal.Invoker.invokeTestMethod(Invoker.java:719)
at org.testng.internal.Invoker.invokeTestMethods(Invoker.java:989)
at org.testng.internal.TestMethodWorker.invokeTestMethods(TestMethodWorker.java:125)
at org.testng.internal.TestMethodWorker.run(TestMethodWorker.java:109)
at org.testng.TestRunner.privateRun(TestRunner.java:648)
at org.testng.TestRunner.run(TestRunner.java:505)
at org.testng.SuiteRunner.runTest(SuiteRunner.java:455)
at org.testng.SuiteRunner.runSequentially(SuiteRunner.java:450)
at org.testng.SuiteRunner.privateRun(SuiteRunner.java:415)
at org.testng.SuiteRunner.run(SuiteRunner.java:364)
at org.testng.SuiteRunnerWorker.runSuite(SuiteRunnerWorker.java:52)
at org.testng.SuiteRunnerWorker.run(SuiteRunnerWorker.java:84)
at org.testng.TestNG.runSuitesSequentially(TestNG.java:1208)
at org.testng.TestNG.runSuitesLocally(TestNG.java:1137)
at org.testng.TestNG.runSuites(TestNG.java:1049)
at org.testng.TestNG.run(TestNG.java:1017)
at org.testng.remote.AbstractRemoteTestNG.run(AbstractRemoteTestNG.java:114)
at org.testng.remote.RemoteTestNG.initAndRun(RemoteTestNG.java:251)
at org.testng.remote.RemoteTestNG.main(RemoteTestNG.java:77)
]]>
            </full-stacktrace>
          </exception> <!-- org.openqa.selenium.NoSuchElementException -->
          <reporter-output>
          </reporter-output>
        </test-method> <!-- extendedSitesCatalogAssetStoreCategoriesListPageHeadingTest -->
        <test-method status="PASS" signature="verifyAllColumnsDisplayedOnThePage()[pri:2, instance:com.ibm.commerce.cmc.catalogs.testcases.ExtendedSitesCatalogAssetStoreCategoriesListTest@55182842]" name="verifyAllColumnsDisplayedOnThePage" duration-ms="159" started-at="2019-02-26T11:57:53Z" finished-at="2019-02-26T11:57:53Z">
          <reporter-output>
          </reporter-output>
        </test-method> <!-- verifyAllColumnsDisplayedOnThePage -->
        <test-method status="PASS" signature="verifyAllColumnsClickable()[pri:3, instance:com.ibm.commerce.cmc.catalogs.testcases.ExtendedSitesCatalogAssetStoreCategoriesListTest@55182842]" name="verifyAllColumnsClickable" duration-ms="261" started-at="2019-02-26T11:57:53Z" finished-at="2019-02-26T11:57:54Z">
          <reporter-output>
          </reporter-output>
        </test-method> <!-- verifyAllColumnsClickable -->
        <test-method status="PASS" signature="tearDown()[pri:0, instance:com.ibm.commerce.cmc.catalogs.testcases.ExtendedSitesCatalogAssetStoreCategoriesListTest@55182842]" name="tearDown" is-config="true" duration-ms="163" started-at="2019-02-26T11:57:54Z" finished-at="2019-02-26T11:57:54Z">
          <reporter-output>
          </reporter-output>
        </test-method> <!-- tearDown -->
      </class> <!-- com.ibm.commerce.cmc.catalogs.testcases.ExtendedSitesCatalogAssetStoreCategoriesListTest -->
    </test> <!-- ExtendedSitesCatalogAssetStoreCategoriesList -->
    <test name="SearchResultsPage" duration-ms="8493" started-at="2019-02-26T11:57:54Z" finished-at="2019-02-26T11:58:02Z">
      <class name="com.ibm.commerce.cmc.catalogs.testcases.SearchResultsPageTest">
        <test-method status="PASS" signature="setUp()[pri:0, instance:com.ibm.commerce.cmc.catalogs.testcases.SearchResultsPageTest@73a1e9a9]" name="setUp" is-config="true" duration-ms="7717" started-at="2019-02-26T11:57:54Z" finished-at="2019-02-26T11:58:02Z">
          <reporter-output>
          </reporter-output>
        </test-method> <!-- setUp -->
        <test-method status="PASS" signature="searchResultsPageHeadingTest()[pri:1, instance:com.ibm.commerce.cmc.catalogs.testcases.SearchResultsPageTest@73a1e9a9]" name="searchResultsPageHeadingTest" duration-ms="46" started-at="2019-02-26T11:58:02Z" finished-at="2019-02-26T11:58:02Z">
          <reporter-output>
          </reporter-output>
        </test-method> <!-- searchResultsPageHeadingTest -->
        <test-method status="PASS" signature="verifyAllColumnsDisplayedOnThePage()[pri:2, instance:com.ibm.commerce.cmc.catalogs.testcases.SearchResultsPageTest@73a1e9a9]" name="verifyAllColumnsDisplayedOnThePage" duration-ms="260" started-at="2019-02-26T11:58:02Z" finished-at="2019-02-26T11:58:02Z">
          <reporter-output>
          </reporter-output>
        </test-method> <!-- verifyAllColumnsDisplayedOnThePage -->
        <test-method status="PASS" signature="veriverifyAllColumnsClickable()[pri:3, instance:com.ibm.commerce.cmc.catalogs.testcases.SearchResultsPageTest@73a1e9a9]" name="veriverifyAllColumnsClickable" duration-ms="348" started-at="2019-02-26T11:58:02Z" finished-at="2019-02-26T11:58:02Z">
          <reporter-output>
          </reporter-output>
        </test-method> <!-- veriverifyAllColumnsClickable -->
        <test-method status="PASS" signature="tearDown()[pri:0, instance:com.ibm.commerce.cmc.catalogs.testcases.SearchResultsPageTest@73a1e9a9]" name="tearDown" is-config="true" duration-ms="120" started-at="2019-02-26T11:58:02Z" finished-at="2019-02-26T11:58:02Z">
          <reporter-output>
          </reporter-output>
        </test-method> <!-- tearDown -->
      </class> <!-- com.ibm.commerce.cmc.catalogs.testcases.SearchResultsPageTest -->
    </test> <!-- SearchResultsPage -->
    <test name="CatalogUPloadtest" duration-ms="20075" started-at="2019-02-26T11:58:02Z" finished-at="2019-02-26T11:58:22Z">
      <class name="com.ibm.commerce.cmc.catalogs.testcases.CatalogUploadTest">
        <test-method status="PASS" signature="setUP()[pri:0, instance:com.ibm.commerce.cmc.catalogs.testcases.CatalogUploadTest@1bb5a082]" name="setUP" is-config="true" duration-ms="7823" started-at="2019-02-26T11:58:02Z" finished-at="2019-02-26T11:58:10Z">
          <reporter-output>
          </reporter-output>
        </test-method> <!-- setUP -->
        <test-method status="PASS" signature="newCatalogUploadPageHeadTest()[pri:1, instance:com.ibm.commerce.cmc.catalogs.testcases.CatalogUploadTest@1bb5a082]" name="newCatalogUploadPageHeadTest" duration-ms="49" started-at="2019-02-26T11:58:10Z" finished-at="2019-02-26T11:58:10Z">
          <reporter-output>
          </reporter-output>
        </test-method> <!-- newCatalogUploadPageHeadTest -->
        <test-method status="PASS" signature="validateSaveButtonExistance()[pri:2, instance:com.ibm.commerce.cmc.catalogs.testcases.CatalogUploadTest@1bb5a082]" name="validateSaveButtonExistance" duration-ms="40" started-at="2019-02-26T11:58:10Z" finished-at="2019-02-26T11:58:10Z">
          <reporter-output>
          </reporter-output>
        </test-method> <!-- validateSaveButtonExistance -->
        <test-method status="PASS" signature="validateCloseButtonExistance()[pri:3, instance:com.ibm.commerce.cmc.catalogs.testcases.CatalogUploadTest@1bb5a082]" name="validateCloseButtonExistance" duration-ms="249" started-at="2019-02-26T11:58:10Z" finished-at="2019-02-26T11:58:11Z">
          <reporter-output>
          </reporter-output>
        </test-method> <!-- validateCloseButtonExistance -->
        <test-method status="PASS" signature="validateFileNameFieldTest()[pri:4, instance:com.ibm.commerce.cmc.catalogs.testcases.CatalogUploadTest@1bb5a082]" name="validateFileNameFieldTest" duration-ms="135" started-at="2019-02-26T11:58:11Z" finished-at="2019-02-26T11:58:11Z">
          <reporter-output>
          </reporter-output>
        </test-method> <!-- validateFileNameFieldTest -->
        <test-method status="PASS" signature="validateSizeFieldTest()[pri:5, instance:com.ibm.commerce.cmc.catalogs.testcases.CatalogUploadTest@1bb5a082]" name="validateSizeFieldTest" duration-ms="109" started-at="2019-02-26T11:58:11Z" finished-at="2019-02-26T11:58:11Z">
          <reporter-output>
          </reporter-output>
        </test-method> <!-- validateSizeFieldTest -->
        <test-method status="FAIL" signature="validateCharacterSetFieldTest()[pri:6, instance:com.ibm.commerce.cmc.catalogs.testcases.CatalogUploadTest@1bb5a082]" name="validateCharacterSetFieldTest" duration-ms="106" started-at="2019-02-26T11:58:11Z" finished-at="2019-02-26T11:58:11Z">
          <exception class="java.lang.AssertionError">
            <message>
              <![CDATA[expected [Character Set] but found [Charecter Set]]]>
            </message>
            <full-stacktrace>
              <![CDATA[java.lang.AssertionError: expected [Character Set] but found [Charecter Set]
at org.testng.Assert.fail(Assert.java:96)
at org.testng.Assert.failNotEquals(Assert.java:776)
at org.testng.Assert.assertEqualsImpl(Assert.java:137)
at org.testng.Assert.assertEquals(Assert.java:118)
at org.testng.Assert.assertEquals(Assert.java:453)
at org.testng.Assert.assertEquals(Assert.java:463)
at com.ibm.commerce.cmc.catalogs.testcases.CatalogUploadTest.validateCharacterSetFieldTest(CatalogUploadTest.java:78)
at sun.reflect.NativeMethodAccessorImpl.invoke0(Native Method)
at sun.reflect.NativeMethodAccessorImpl.invoke(NativeMethodAccessorImpl.java:62)
at sun.reflect.DelegatingMethodAccessorImpl.invoke(DelegatingMethodAccessorImpl.java:43)
at java.lang.reflect.Method.invoke(Method.java:498)
at org.testng.internal.MethodInvocationHelper.invokeMethod(MethodInvocationHelper.java:124)
at org.testng.internal.Invoker.invokeMethod(Invoker.java:583)
at org.testng.internal.Invoker.invokeTestMethod(Invoker.java:719)
at org.testng.internal.Invoker.invokeTestMethods(Invoker.java:989)
at org.testng.internal.TestMethodWorker.invokeTestMethods(TestMethodWorker.java:125)
at org.testng.internal.TestMethodWorker.run(TestMethodWorker.java:109)
at org.testng.TestRunner.privateRun(TestRunner.java:648)
at org.testng.TestRunner.run(TestRunner.java:505)
at org.testng.SuiteRunner.runTest(SuiteRunner.java:455)
at org.testng.SuiteRunner.runSequentially(SuiteRunner.java:450)
at org.testng.SuiteRunner.privateRun(SuiteRunner.java:415)
at org.testng.SuiteRunner.run(SuiteRunner.java:364)
at org.testng.SuiteRunnerWorker.runSuite(SuiteRunnerWorker.java:52)
at org.testng.SuiteRunnerWorker.run(SuiteRunnerWorker.java:84)
at org.testng.TestNG.runSuitesSequentially(TestNG.java:1208)
at org.testng.TestNG.runSuitesLocally(TestNG.java:1137)
at org.testng.TestNG.runSuites(TestNG.java:1049)
at org.testng.TestNG.run(TestNG.java:1017)
at org.testng.remote.AbstractRemoteTestNG.run(AbstractRemoteTestNG.java:114)
at org.testng.remote.RemoteTestNG.initAndRun(RemoteTestNG.java:251)
at org.testng.remote.RemoteTestNG.main(RemoteTestNG.java:77)
]]>
            </full-stacktrace>
          </exception> <!-- java.lang.AssertionError -->
          <reporter-output>
          </reporter-output>
        </test-method> <!-- validateCharacterSetFieldTest -->
        <test-method status="FAIL" signature="validateTargetCatalogFieldTest()[pri:7, instance:com.ibm.commerce.cmc.catalogs.testcases.CatalogUploadTest@1bb5a082]" name="validateTargetCatalogFieldTest" duration-ms="43" started-at="2019-02-26T11:58:11Z" finished-at="2019-02-26T11:58:11Z">
          <exception class="java.lang.AssertionError">
            <message>
              <![CDATA[expected [Target catalog] but found [Target Catalog]]]>
            </message>
            <full-stacktrace>
              <![CDATA[java.lang.AssertionError: expected [Target catalog] but found [Target Catalog]
at org.testng.Assert.fail(Assert.java:96)
at org.testng.Assert.failNotEquals(Assert.java:776)
at org.testng.Assert.assertEqualsImpl(Assert.java:137)
at org.testng.Assert.assertEquals(Assert.java:118)
at org.testng.Assert.assertEquals(Assert.java:453)
at org.testng.Assert.assertEquals(Assert.java:463)
at com.ibm.commerce.cmc.catalogs.testcases.CatalogUploadTest.validateTargetCatalogFieldTest(CatalogUploadTest.java:84)
at sun.reflect.NativeMethodAccessorImpl.invoke0(Native Method)
at sun.reflect.NativeMethodAccessorImpl.invoke(NativeMethodAccessorImpl.java:62)
at sun.reflect.DelegatingMethodAccessorImpl.invoke(DelegatingMethodAccessorImpl.java:43)
at java.lang.reflect.Method.invoke(Method.java:498)
at org.testng.internal.MethodInvocationHelper.invokeMethod(MethodInvocationHelper.java:124)
at org.testng.internal.Invoker.invokeMethod(Invoker.java:583)
at org.testng.internal.Invoker.invokeTestMethod(Invoker.java:719)
at org.testng.internal.Invoker.invokeTestMethods(Invoker.java:989)
at org.testng.internal.TestMethodWorker.invokeTestMethods(TestMethodWorker.java:125)
at org.testng.internal.TestMethodWorker.run(TestMethodWorker.java:109)
at org.testng.TestRunner.privateRun(TestRunner.java:648)
at org.testng.TestRunner.run(TestRunner.java:505)
at org.testng.SuiteRunner.runTest(SuiteRunner.java:455)
at org.testng.SuiteRunner.runSequentially(SuiteRunner.java:450)
at org.testng.SuiteRunner.privateRun(SuiteRunner.java:415)
at org.testng.SuiteRunner.run(SuiteRunner.java:364)
at org.testng.SuiteRunnerWorker.runSuite(SuiteRunnerWorker.java:52)
at org.testng.SuiteRunnerWorker.run(SuiteRunnerWorker.java:84)
at org.testng.TestNG.runSuitesSequentially(TestNG.java:1208)
at org.testng.TestNG.runSuitesLocally(TestNG.java:1137)
at org.testng.TestNG.runSuites(TestNG.java:1049)
at org.testng.TestNG.run(TestNG.java:1017)
at org.testng.remote.AbstractRemoteTestNG.run(AbstractRemoteTestNG.java:114)
at org.testng.remote.RemoteTestNG.initAndRun(RemoteTestNG.java:251)
at org.testng.remote.RemoteTestNG.main(RemoteTestNG.java:77)
]]>
            </full-stacktrace>
          </exception> <!-- java.lang.AssertionError -->
          <reporter-output>
          </reporter-output>
        </test-method> <!-- validateTargetCatalogFieldTest -->
        <test-method status="PASS" signature="createNewCatalogUpload()[pri:8, instance:com.ibm.commerce.cmc.catalogs.testcases.CatalogUploadTest@1bb5a082]" name="createNewCatalogUpload" duration-ms="10469" started-at="2019-02-26T11:58:12Z" finished-at="2019-02-26T11:58:22Z">
          <reporter-output>
          </reporter-output>
        </test-method> <!-- createNewCatalogUpload -->
        <test-method status="PASS" signature="tearDown()[pri:0, instance:com.ibm.commerce.cmc.catalogs.testcases.CatalogUploadTest@1bb5a082]" name="tearDown" is-config="true" duration-ms="133" started-at="2019-02-26T11:58:22Z" finished-at="2019-02-26T11:58:22Z">
          <reporter-output>
          </reporter-output>
        </test-method> <!-- tearDown -->
      </class> <!-- com.ibm.commerce.cmc.catalogs.testcases.CatalogUploadTest -->
    </test> <!-- CatalogUPloadtest -->
    <test name="UnassignedCatalogEntriesPageTest" duration-ms="8338" started-at="2019-02-26T11:58:22Z" finished-at="2019-02-26T11:58:31Z">
      <class name="com.ibm.commerce.cmc.catalogs.testcases.UnassignedCatalogEntriesPageTest">
        <test-method status="PASS" signature="setUp()[pri:0, instance:com.ibm.commerce.cmc.catalogs.testcases.UnassignedCatalogEntriesPageTest@5fe94a96]" name="setUp" is-config="true" duration-ms="7598" started-at="2019-02-26T11:58:22Z" finished-at="2019-02-26T11:58:30Z">
          <reporter-output>
          </reporter-output>
        </test-method> <!-- setUp -->
        <test-method status="PASS" signature="unassignedCatalogEntriesPageHeadingTest()[pri:1, instance:com.ibm.commerce.cmc.catalogs.testcases.UnassignedCatalogEntriesPageTest@5fe94a96]" name="unassignedCatalogEntriesPageHeadingTest" duration-ms="64" started-at="2019-02-26T11:58:30Z" finished-at="2019-02-26T11:58:30Z">
          <reporter-output>
          </reporter-output>
        </test-method> <!-- unassignedCatalogEntriesPageHeadingTest -->
        <test-method status="PASS" signature="verifyAllColumnsDisplayedOnThePage()[pri:2, instance:com.ibm.commerce.cmc.catalogs.testcases.UnassignedCatalogEntriesPageTest@5fe94a96]" name="verifyAllColumnsDisplayedOnThePage" duration-ms="236" started-at="2019-02-26T11:58:30Z" finished-at="2019-02-26T11:58:30Z">
          <reporter-output>
          </reporter-output>
        </test-method> <!-- verifyAllColumnsDisplayedOnThePage -->
        <test-method status="PASS" signature="veriverifyAllColumnsClickable()[pri:3, instance:com.ibm.commerce.cmc.catalogs.testcases.UnassignedCatalogEntriesPageTest@5fe94a96]" name="veriverifyAllColumnsClickable" duration-ms="310" started-at="2019-02-26T11:58:30Z" finished-at="2019-02-26T11:58:31Z">
          <reporter-output>
          </reporter-output>
        </test-method> <!-- veriverifyAllColumnsClickable -->
        <test-method status="PASS" signature="tearDown()[pri:0, instance:com.ibm.commerce.cmc.catalogs.testcases.UnassignedCatalogEntriesPageTest@5fe94a96]" name="tearDown" is-config="true" duration-ms="125" started-at="2019-02-26T11:58:31Z" finished-at="2019-02-26T11:58:31Z">
          <reporter-output>
          </reporter-output>
        </test-method> <!-- tearDown -->
      </class> <!-- com.ibm.commerce.cmc.catalogs.testcases.UnassignedCatalogEntriesPageTest -->
    </test> <!-- UnassignedCatalogEntriesPageTest -->
  </suite> <!-- Suite -->
</testng-results>
